2023-09-16T13:51:00+00:00 CRITICAL Uncaught Error: Call to a member function get_gallery_image_ids() on string in E:\xampp\htdocs\mamastylist\wp-content\themes\mamstylist\single-product.php:47
Stack trace:
#0 E:\xampp\htdocs\mamastylist\wp-includes\template-loader.php(106): include()
#1 E:\xampp\htdocs\mamastylist\wp-blog-header.php(19): require_once('E:\\xampp\\htdocs...')
#2 E:\xampp\htdocs\mamastylist\index.php(17): require('E:\\xampp\\htdocs...')
#3 {main}
  thrown in E:\xampp\htdocs\mamastylist\wp-content\themes\mamstylist\single-product.php on line 47

2023-09-16T13:51:15+00:00 CRITICAL Uncaught Error: Call to a member function get_gallery_image_ids() on string in E:\xampp\htdocs\mamastylist\wp-content\themes\mamstylist\single-product.php:47
Stack trace:
#0 E:\xampp\htdocs\mamastylist\wp-includes\template-loader.php(106): include()
#1 E:\xampp\htdocs\mamastylist\wp-blog-header.php(19): require_once('E:\\xampp\\htdocs...')
#2 E:\xampp\htdocs\mamastylist\index.php(17): require('E:\\xampp\\htdocs...')
#3 {main}
  thrown in E:\xampp\htdocs\mamastylist\wp-content\themes\mamstylist\single-product.php on line 47

2023-09-16T13:51:33+00:00 CRITICAL Uncaught Error: Call to a member function get_gallery_image_ids() on string in E:\xampp\htdocs\mamastylist\wp-content\themes\mamstylist\single-product.php:47
Stack trace:
#0 E:\xampp\htdocs\mamastylist\wp-includes\template-loader.php(106): include()
#1 E:\xampp\htdocs\mamastylist\wp-blog-header.php(19): require_once('E:\\xampp\\htdocs...')
#2 E:\xampp\htdocs\mamastylist\index.php(17): require('E:\\xampp\\htdocs...')
#3 {main}
  thrown in E:\xampp\htdocs\mamastylist\wp-content\themes\mamstylist\single-product.php on line 47

2023-09-16T13:51:46+00:00 CRITICAL Uncaught Error: Call to a member function get_gallery_image_ids() on int in E:\xampp\htdocs\mamastylist\wp-content\themes\mamstylist\single-product.php:47
Stack trace:
#0 E:\xampp\htdocs\mamastylist\wp-includes\template-loader.php(106): include()
#1 E:\xampp\htdocs\mamastylist\wp-blog-header.php(19): require_once('E:\\xampp\\htdocs...')
#2 E:\xampp\htdocs\mamastylist\index.php(17): require('E:\\xampp\\htdocs...')
#3 {main}
  thrown in E:\xampp\htdocs\mamastylist\wp-content\themes\mamstylist\single-product.php on line 47

2023-09-16T13:59:35+00:00 CRITICAL syntax error, unexpected token "," in E:\xampp\htdocs\mamastylist\wp-content\themes\mamstylist\single-product.php on line 32

2023-09-16T14:19:37+00:00 CRITICAL syntax error, unexpected token "endforeach", expecting "elseif" or "else" or "endif" in E:\xampp\htdocs\mamastylist\wp-content\themes\mamstylist\single-product.php on line 57

2023-09-16T14:29:05+00:00 CRITICAL syntax error, unexpected token "endwhile", expecting "elseif" or "else" or "endif" in E:\xampp\htdocs\mamastylist\wp-content\themes\mamstylist\single-product.php on line 163

2023-09-16T14:29:27+00:00 CRITICAL syntax error, unexpected token "endwhile", expecting "elseif" or "else" or "endif" in E:\xampp\htdocs\mamastylist\wp-content\themes\mamstylist\single-product.php on line 163

2023-09-16T14:29:38+00:00 CRITICAL syntax error, unexpected token "endwhile", expecting "elseif" or "else" or "endif" in E:\xampp\htdocs\mamastylist\wp-content\themes\mamstylist\single-product.php on line 163

2023-09-16T15:06:13+00:00 CRITICAL syntax error, unexpected variable "$tax_query" in E:\xampp\htdocs\mamastylist\wp-content\themes\mamstylist\single-product.php on line 151

2023-09-16T15:06:44+00:00 CRITICAL syntax error, unexpected variable "$tax_query" in E:\xampp\htdocs\mamastylist\wp-content\themes\mamstylist\single-product.php on line 151

2023-09-16T15:06:55+00:00 CRITICAL syntax error, unexpected variable "$tax_query" in E:\xampp\htdocs\mamastylist\wp-content\themes\mamstylist\single-product.php on line 151

2023-09-16T15:07:08+00:00 CRITICAL syntax error, unexpected variable "$product_query" in E:\xampp\htdocs\mamastylist\wp-content\themes\mamstylist\single-product.php on line 167

2023-09-16T15:07:52+00:00 CRITICAL syntax error, unexpected variable "$product_query" in E:\xampp\htdocs\mamastylist\wp-content\themes\mamstylist\single-product.php on line 167

2023-09-16T15:08:12+00:00 CRITICAL syntax error, unexpected variable "$product_query" in E:\xampp\htdocs\mamastylist\wp-content\themes\mamstylist\single-product.php on line 167

2023-09-16T15:08:24+00:00 CRITICAL syntax error, unexpected variable "$product_query" in E:\xampp\htdocs\mamastylist\wp-content\themes\mamstylist\single-product.php on line 167

2023-09-16T15:09:38+00:00 CRITICAL syntax error, unexpected variable "$product_query" in E:\xampp\htdocs\mamastylist\wp-content\themes\mamstylist\single-product.php on line 167

2023-09-16T15:15:29+00:00 CRITICAL Uncaught Error: Object of class WP_Term could not be converted to string in E:\xampp\htdocs\mamastylist\wp-content\themes\mamstylist\single-product.php:155
Stack trace:
#0 E:\xampp\htdocs\mamastylist\wp-includes\template-loader.php(106): include()
#1 E:\xampp\htdocs\mamastylist\wp-blog-header.php(19): require_once('E:\\xampp\\htdocs...')
#2 E:\xampp\htdocs\mamastylist\index.php(17): require('E:\\xampp\\htdocs...')
#3 {main}
  thrown in E:\xampp\htdocs\mamastylist\wp-content\themes\mamstylist\single-product.php on line 155

2023-09-16T15:16:38+00:00 CRITICAL Uncaught Error: Object of class WP_Term could not be converted to string in E:\xampp\htdocs\mamastylist\wp-content\themes\mamstylist\single-product.php:155
Stack trace:
#0 E:\xampp\htdocs\mamastylist\wp-includes\template-loader.php(106): include()
#1 E:\xampp\htdocs\mamastylist\wp-blog-header.php(19): require_once('E:\\xampp\\htdocs...')
#2 E:\xampp\htdocs\mamastylist\index.php(17): require('E:\\xampp\\htdocs...')
#3 {main}
  thrown in E:\xampp\htdocs\mamastylist\wp-content\themes\mamstylist\single-product.php on line 155

2023-09-16T15:16:53+00:00 CRITICAL Uncaught Error: Object of class WP_Term could not be converted to string in E:\xampp\htdocs\mamastylist\wp-content\themes\mamstylist\single-product.php:155
Stack trace:
#0 E:\xampp\htdocs\mamastylist\wp-includes\template-loader.php(106): include()
#1 E:\xampp\htdocs\mamastylist\wp-blog-header.php(19): require_once('E:\\xampp\\htdocs...')
#2 E:\xampp\htdocs\mamastylist\index.php(17): require('E:\\xampp\\htdocs...')
#3 {main}
  thrown in E:\xampp\htdocs\mamastylist\wp-content\themes\mamstylist\single-product.php on line 155

2023-09-16T15:17:03+00:00 CRITICAL Uncaught Error: Object of class WP_Term could not be converted to string in E:\xampp\htdocs\mamastylist\wp-content\themes\mamstylist\single-product.php:155
Stack trace:
#0 E:\xampp\htdocs\mamastylist\wp-includes\template-loader.php(106): include()
#1 E:\xampp\htdocs\mamastylist\wp-blog-header.php(19): require_once('E:\\xampp\\htdocs...')
#2 E:\xampp\htdocs\mamastylist\index.php(17): require('E:\\xampp\\htdocs...')
#3 {main}
  thrown in E:\xampp\htdocs\mamastylist\wp-content\themes\mamstylist\single-product.php on line 155

2023-09-16T15:20:32+00:00 CRITICAL Uncaught Error: Call to a member function have_posts() on null in E:\xampp\htdocs\mamastylist\wp-content\themes\mamstylist\single-product.php:169
Stack trace:
#0 E:\xampp\htdocs\mamastylist\wp-includes\template-loader.php(106): include()
#1 E:\xampp\htdocs\mamastylist\wp-blog-header.php(19): require_once('E:\\xampp\\htdocs...')
#2 E:\xampp\htdocs\mamastylist\index.php(17): require('E:\\xampp\\htdocs...')
#3 {main}
  thrown in E:\xampp\htdocs\mamastylist\wp-content\themes\mamstylist\single-product.php on line 169

