2023-09-21T02:32:08+00:00 CRITICAL Uncaught Error: Attempt to assign property "slug" on int in E:\xampp\htdocs\mamastylist\wp-content\themes\mamstylist\page-search.php:50
Stack trace:
#0 E:\xampp\htdocs\mamastylist\wp-includes\template-loader.php(106): include()
#1 E:\xampp\htdocs\mamastylist\wp-blog-header.php(19): require_once('E:\\xampp\\htdocs...')
#2 E:\xampp\htdocs\mamastylist\index.php(17): require('E:\\xampp\\htdocs...')
#3 {main}
  thrown in E:\xampp\htdocs\mamastylist\wp-content\themes\mamstylist\page-search.php on line 50

2023-09-21T02:34:04+00:00 CRITICAL syntax error, unexpected token "<" in E:\xampp\htdocs\mamastylist\wp-content\themes\mamstylist\page-search.php on line 51

2023-09-21T02:34:13+00:00 CRITICAL syntax error, unexpected token "<" in E:\xampp\htdocs\mamastylist\wp-content\themes\mamstylist\page-search.php on line 51

2023-09-21T02:39:20+00:00 CRITICAL syntax error, unexpected token "/" in E:\xampp\htdocs\mamastylist\wp-content\themes\mamstylist\page-search.php on line 53

2023-09-21T14:49:58+00:00 CRITICAL Uncaught TypeError: preg_match(): Argument #2 ($subject) must be of type string, array given in E:\xampp\htdocs\mamastylist\wp-includes\formatting.php:1604
Stack trace:
#0 E:\xampp\htdocs\mamastylist\wp-includes\formatting.php(1604): preg_match('/[\\x80-\\xff]/', Array)
#1 E:\xampp\htdocs\mamastylist\wp-includes\formatting.php(2219): remove_accents(Array)
#2 [internal function]: sanitize_title(Array)
#3 E:\xampp\htdocs\mamastylist\wp-includes\class-wp-term-query.php(561): array_map('sanitize_title', Array)
#4 E:\xampp\htdocs\mamastylist\wp-includes\class-wp-term-query.php(308): WP_Term_Query->get_terms()
#5 E:\xampp\htdocs\mamastylist\wp-includes\class-wp-tax-query.php(644): WP_Term_Query->query(Array)
#6 E:\xampp\htdocs\mamastylist\wp-includes\class-wp-tax-query.php(567): WP_Tax_Query->transform_query(Array, 'term_id')
#7 E:\xampp\htdocs\mamastylist\wp-includes\class-wp-tax-query.php(395): WP_Tax_Query->clean_query(Array)
#8 E:\xampp\htdocs\mamastylist\wp-includes\class-wp-tax-query.php(325): WP_Tax_Query->get_sql_for_clause(Array, Array)
#9 E:\xampp\htdocs\mamastylist\wp-includes\class-wp-tax-query.php(275): WP_Tax_Query->get_sql_for_query(Array)
#10 E:\xampp\htdocs\mamastylist\wp-includes\class-wp-tax-query.php(251): WP_Tax_Query->get_sql_clauses()
#11 E:\xampp\htdocs\mamastylist\wp-includes\class-wp-query.php(2247): WP_Tax_Query->get_sql('wp_posts', 'ID')
#12 E:\xampp\htdocs\mamastylist\wp-includes\class-wp-query.php(3800): WP_Query->get_posts()
#13 E:\xampp\htdocs\mamastylist\wp-includes\class-wp-query.php(3932): WP_Query->query(Array)
#14 E:\xampp\htdocs\mamastylist\wp-content\themes\mamstylist\page-search.php(72): WP_Query->__construct(Array)
#15 E:\xampp\htdocs\mamastylist\wp-includes\template-loader.php(106): include('E:\\xampp\\htdocs...')
#16 E:\xampp\htdocs\mamastylist\wp-blog-header.php(19): require_once('E:\\xampp\\htdocs...')
#17 E:\xampp\htdocs\mamastylist\index.php(17): require('E:\\xampp\\htdocs...')
#18 {main}
  thrown in E:\xampp\htdocs\mamastylist\wp-includes\formatting.php on line 1604

2023-09-21T14:50:42+00:00 CRITICAL Uncaught TypeError: preg_match(): Argument #2 ($subject) must be of type string, array given in E:\xampp\htdocs\mamastylist\wp-includes\formatting.php:1604
Stack trace:
#0 E:\xampp\htdocs\mamastylist\wp-includes\formatting.php(1604): preg_match('/[\\x80-\\xff]/', Array)
#1 E:\xampp\htdocs\mamastylist\wp-includes\formatting.php(2219): remove_accents(Array)
#2 [internal function]: sanitize_title(Array)
#3 E:\xampp\htdocs\mamastylist\wp-includes\class-wp-term-query.php(561): array_map('sanitize_title', Array)
#4 E:\xampp\htdocs\mamastylist\wp-includes\class-wp-term-query.php(308): WP_Term_Query->get_terms()
#5 E:\xampp\htdocs\mamastylist\wp-includes\class-wp-tax-query.php(644): WP_Term_Query->query(Array)
#6 E:\xampp\htdocs\mamastylist\wp-includes\class-wp-tax-query.php(567): WP_Tax_Query->transform_query(Array, 'term_id')
#7 E:\xampp\htdocs\mamastylist\wp-includes\class-wp-tax-query.php(395): WP_Tax_Query->clean_query(Array)
#8 E:\xampp\htdocs\mamastylist\wp-includes\class-wp-tax-query.php(325): WP_Tax_Query->get_sql_for_clause(Array, Array)
#9 E:\xampp\htdocs\mamastylist\wp-includes\class-wp-tax-query.php(275): WP_Tax_Query->get_sql_for_query(Array)
#10 E:\xampp\htdocs\mamastylist\wp-includes\class-wp-tax-query.php(251): WP_Tax_Query->get_sql_clauses()
#11 E:\xampp\htdocs\mamastylist\wp-includes\class-wp-query.php(2247): WP_Tax_Query->get_sql('wp_posts', 'ID')
#12 E:\xampp\htdocs\mamastylist\wp-includes\class-wp-query.php(3800): WP_Query->get_posts()
#13 E:\xampp\htdocs\mamastylist\wp-includes\class-wp-query.php(3932): WP_Query->query(Array)
#14 E:\xampp\htdocs\mamastylist\wp-content\themes\mamstylist\page-search.php(72): WP_Query->__construct(Array)
#15 E:\xampp\htdocs\mamastylist\wp-includes\template-loader.php(106): include('E:\\xampp\\htdocs...')
#16 E:\xampp\htdocs\mamastylist\wp-blog-header.php(19): require_once('E:\\xampp\\htdocs...')
#17 E:\xampp\htdocs\mamastylist\index.php(17): require('E:\\xampp\\htdocs...')
#18 {main}
  thrown in E:\xampp\htdocs\mamastylist\wp-includes\formatting.php on line 1604

2023-09-21T14:50:46+00:00 CRITICAL Uncaught TypeError: preg_match(): Argument #2 ($subject) must be of type string, array given in E:\xampp\htdocs\mamastylist\wp-includes\formatting.php:1604
Stack trace:
#0 E:\xampp\htdocs\mamastylist\wp-includes\formatting.php(1604): preg_match('/[\\x80-\\xff]/', Array)
#1 E:\xampp\htdocs\mamastylist\wp-includes\formatting.php(2219): remove_accents(Array)
#2 [internal function]: sanitize_title(Array)
#3 E:\xampp\htdocs\mamastylist\wp-includes\class-wp-term-query.php(561): array_map('sanitize_title', Array)
#4 E:\xampp\htdocs\mamastylist\wp-includes\class-wp-term-query.php(308): WP_Term_Query->get_terms()
#5 E:\xampp\htdocs\mamastylist\wp-includes\class-wp-tax-query.php(644): WP_Term_Query->query(Array)
#6 E:\xampp\htdocs\mamastylist\wp-includes\class-wp-tax-query.php(567): WP_Tax_Query->transform_query(Array, 'term_id')
#7 E:\xampp\htdocs\mamastylist\wp-includes\class-wp-tax-query.php(395): WP_Tax_Query->clean_query(Array)
#8 E:\xampp\htdocs\mamastylist\wp-includes\class-wp-tax-query.php(325): WP_Tax_Query->get_sql_for_clause(Array, Array)
#9 E:\xampp\htdocs\mamastylist\wp-includes\class-wp-tax-query.php(275): WP_Tax_Query->get_sql_for_query(Array)
#10 E:\xampp\htdocs\mamastylist\wp-includes\class-wp-tax-query.php(251): WP_Tax_Query->get_sql_clauses()
#11 E:\xampp\htdocs\mamastylist\wp-includes\class-wp-query.php(2247): WP_Tax_Query->get_sql('wp_posts', 'ID')
#12 E:\xampp\htdocs\mamastylist\wp-includes\class-wp-query.php(3800): WP_Query->get_posts()
#13 E:\xampp\htdocs\mamastylist\wp-includes\class-wp-query.php(3932): WP_Query->query(Array)
#14 E:\xampp\htdocs\mamastylist\wp-content\themes\mamstylist\page-search.php(72): WP_Query->__construct(Array)
#15 E:\xampp\htdocs\mamastylist\wp-includes\template-loader.php(106): include('E:\\xampp\\htdocs...')
#16 E:\xampp\htdocs\mamastylist\wp-blog-header.php(19): require_once('E:\\xampp\\htdocs...')
#17 E:\xampp\htdocs\mamastylist\index.php(17): require('E:\\xampp\\htdocs...')
#18 {main}
  thrown in E:\xampp\htdocs\mamastylist\wp-includes\formatting.php on line 1604

2023-09-21T14:50:49+00:00 CRITICAL Uncaught TypeError: preg_match(): Argument #2 ($subject) must be of type string, array given in E:\xampp\htdocs\mamastylist\wp-includes\formatting.php:1604
Stack trace:
#0 E:\xampp\htdocs\mamastylist\wp-includes\formatting.php(1604): preg_match('/[\\x80-\\xff]/', Array)
#1 E:\xampp\htdocs\mamastylist\wp-includes\formatting.php(2219): remove_accents(Array)
#2 [internal function]: sanitize_title(Array)
#3 E:\xampp\htdocs\mamastylist\wp-includes\class-wp-term-query.php(561): array_map('sanitize_title', Array)
#4 E:\xampp\htdocs\mamastylist\wp-includes\class-wp-term-query.php(308): WP_Term_Query->get_terms()
#5 E:\xampp\htdocs\mamastylist\wp-includes\class-wp-tax-query.php(644): WP_Term_Query->query(Array)
#6 E:\xampp\htdocs\mamastylist\wp-includes\class-wp-tax-query.php(567): WP_Tax_Query->transform_query(Array, 'term_id')
#7 E:\xampp\htdocs\mamastylist\wp-includes\class-wp-tax-query.php(395): WP_Tax_Query->clean_query(Array)
#8 E:\xampp\htdocs\mamastylist\wp-includes\class-wp-tax-query.php(325): WP_Tax_Query->get_sql_for_clause(Array, Array)
#9 E:\xampp\htdocs\mamastylist\wp-includes\class-wp-tax-query.php(275): WP_Tax_Query->get_sql_for_query(Array)
#10 E:\xampp\htdocs\mamastylist\wp-includes\class-wp-tax-query.php(251): WP_Tax_Query->get_sql_clauses()
#11 E:\xampp\htdocs\mamastylist\wp-includes\class-wp-query.php(2247): WP_Tax_Query->get_sql('wp_posts', 'ID')
#12 E:\xampp\htdocs\mamastylist\wp-includes\class-wp-query.php(3800): WP_Query->get_posts()
#13 E:\xampp\htdocs\mamastylist\wp-includes\class-wp-query.php(3932): WP_Query->query(Array)
#14 E:\xampp\htdocs\mamastylist\wp-content\themes\mamstylist\page-search.php(72): WP_Query->__construct(Array)
#15 E:\xampp\htdocs\mamastylist\wp-includes\template-loader.php(106): include('E:\\xampp\\htdocs...')
#16 E:\xampp\htdocs\mamastylist\wp-blog-header.php(19): require_once('E:\\xampp\\htdocs...')
#17 E:\xampp\htdocs\mamastylist\index.php(17): require('E:\\xampp\\htdocs...')
#18 {main}
  thrown in E:\xampp\htdocs\mamastylist\wp-includes\formatting.php on line 1604

2023-09-21T14:51:13+00:00 CRITICAL Uncaught TypeError: preg_match(): Argument #2 ($subject) must be of type string, array given in E:\xampp\htdocs\mamastylist\wp-includes\formatting.php:1604
Stack trace:
#0 E:\xampp\htdocs\mamastylist\wp-includes\formatting.php(1604): preg_match('/[\\x80-\\xff]/', Array)
#1 E:\xampp\htdocs\mamastylist\wp-includes\formatting.php(2219): remove_accents(Array)
#2 [internal function]: sanitize_title(Array)
#3 E:\xampp\htdocs\mamastylist\wp-includes\class-wp-term-query.php(561): array_map('sanitize_title', Array)
#4 E:\xampp\htdocs\mamastylist\wp-includes\class-wp-term-query.php(308): WP_Term_Query->get_terms()
#5 E:\xampp\htdocs\mamastylist\wp-includes\class-wp-tax-query.php(644): WP_Term_Query->query(Array)
#6 E:\xampp\htdocs\mamastylist\wp-includes\class-wp-tax-query.php(567): WP_Tax_Query->transform_query(Array, 'term_id')
#7 E:\xampp\htdocs\mamastylist\wp-includes\class-wp-tax-query.php(395): WP_Tax_Query->clean_query(Array)
#8 E:\xampp\htdocs\mamastylist\wp-includes\class-wp-tax-query.php(325): WP_Tax_Query->get_sql_for_clause(Array, Array)
#9 E:\xampp\htdocs\mamastylist\wp-includes\class-wp-tax-query.php(275): WP_Tax_Query->get_sql_for_query(Array)
#10 E:\xampp\htdocs\mamastylist\wp-includes\class-wp-tax-query.php(251): WP_Tax_Query->get_sql_clauses()
#11 E:\xampp\htdocs\mamastylist\wp-includes\class-wp-query.php(2247): WP_Tax_Query->get_sql('wp_posts', 'ID')
#12 E:\xampp\htdocs\mamastylist\wp-includes\class-wp-query.php(3800): WP_Query->get_posts()
#13 E:\xampp\htdocs\mamastylist\wp-includes\class-wp-query.php(3932): WP_Query->query(Array)
#14 E:\xampp\htdocs\mamastylist\wp-content\themes\mamstylist\page-search.php(72): WP_Query->__construct(Array)
#15 E:\xampp\htdocs\mamastylist\wp-includes\template-loader.php(106): include('E:\\xampp\\htdocs...')
#16 E:\xampp\htdocs\mamastylist\wp-blog-header.php(19): require_once('E:\\xampp\\htdocs...')
#17 E:\xampp\htdocs\mamastylist\index.php(17): require('E:\\xampp\\htdocs...')
#18 {main}
  thrown in E:\xampp\htdocs\mamastylist\wp-includes\formatting.php on line 1604

2023-09-21T14:51:18+00:00 CRITICAL Uncaught TypeError: preg_match(): Argument #2 ($subject) must be of type string, array given in E:\xampp\htdocs\mamastylist\wp-includes\formatting.php:1604
Stack trace:
#0 E:\xampp\htdocs\mamastylist\wp-includes\formatting.php(1604): preg_match('/[\\x80-\\xff]/', Array)
#1 E:\xampp\htdocs\mamastylist\wp-includes\formatting.php(2219): remove_accents(Array)
#2 [internal function]: sanitize_title(Array)
#3 E:\xampp\htdocs\mamastylist\wp-includes\class-wp-term-query.php(561): array_map('sanitize_title', Array)
#4 E:\xampp\htdocs\mamastylist\wp-includes\class-wp-term-query.php(308): WP_Term_Query->get_terms()
#5 E:\xampp\htdocs\mamastylist\wp-includes\class-wp-tax-query.php(644): WP_Term_Query->query(Array)
#6 E:\xampp\htdocs\mamastylist\wp-includes\class-wp-tax-query.php(567): WP_Tax_Query->transform_query(Array, 'term_id')
#7 E:\xampp\htdocs\mamastylist\wp-includes\class-wp-tax-query.php(395): WP_Tax_Query->clean_query(Array)
#8 E:\xampp\htdocs\mamastylist\wp-includes\class-wp-tax-query.php(325): WP_Tax_Query->get_sql_for_clause(Array, Array)
#9 E:\xampp\htdocs\mamastylist\wp-includes\class-wp-tax-query.php(275): WP_Tax_Query->get_sql_for_query(Array)
#10 E:\xampp\htdocs\mamastylist\wp-includes\class-wp-tax-query.php(251): WP_Tax_Query->get_sql_clauses()
#11 E:\xampp\htdocs\mamastylist\wp-includes\class-wp-query.php(2247): WP_Tax_Query->get_sql('wp_posts', 'ID')
#12 E:\xampp\htdocs\mamastylist\wp-includes\class-wp-query.php(3800): WP_Query->get_posts()
#13 E:\xampp\htdocs\mamastylist\wp-includes\class-wp-query.php(3932): WP_Query->query(Array)
#14 E:\xampp\htdocs\mamastylist\wp-content\themes\mamstylist\page-search.php(72): WP_Query->__construct(Array)
#15 E:\xampp\htdocs\mamastylist\wp-includes\template-loader.php(106): include('E:\\xampp\\htdocs...')
#16 E:\xampp\htdocs\mamastylist\wp-blog-header.php(19): require_once('E:\\xampp\\htdocs...')
#17 E:\xampp\htdocs\mamastylist\index.php(17): require('E:\\xampp\\htdocs...')
#18 {main}
  thrown in E:\xampp\htdocs\mamastylist\wp-includes\formatting.php on line 1604

2023-09-21T16:43:26+00:00 CRITICAL Uncaught TypeError: call_user_func_array(): Argument #1 ($callback) must be a valid callback, function "enqueue_ajax_script" not found or invalid function name in E:\xampp\htdocs\mamastylist\wp-includes\class-wp-hook.php:310
Stack trace:
#0 E:\xampp\htdocs\mamastylist\wp-includes\class-wp-hook.php(334): WP_Hook->apply_filters(NULL, Array)
#1 E:\xampp\htdocs\mamastylist\wp-includes\plugin.php(517): WP_Hook->do_action(Array)
#2 E:\xampp\htdocs\mamastylist\wp-includes\script-loader.php(2225): do_action('wp_enqueue_scri...')
#3 E:\xampp\htdocs\mamastylist\wp-includes\class-wp-hook.php(310): wp_enqueue_scripts('')
#4 E:\xampp\htdocs\mamastylist\wp-includes\class-wp-hook.php(334): WP_Hook->apply_filters(NULL, Array)
#5 E:\xampp\htdocs\mamastylist\wp-includes\plugin.php(517): WP_Hook->do_action(Array)
#6 E:\xampp\htdocs\mamastylist\wp-includes\general-template.php(3053): do_action('wp_head')
#7 E:\xampp\htdocs\mamastylist\wp-content\themes\mamstylist\header.php(52): wp_head()
#8 E:\xampp\htdocs\mamastylist\wp-includes\template.php(785): require_once('E:\\xampp\\htdocs...')
#9 E:\xampp\htdocs\mamastylist\wp-includes\template.php(720): load_template('E:\\xampp\\htdocs...', true, Array)
#10 E:\xampp\htdocs\mamastylist\wp-includes\general-template.php(48): locate_template(Array, true, true, Array)
#11 E:\xampp\htdocs\mamastylist\wp-content\themes\mamstylist\page-search.php(8): get_header()
#12 E:\xampp\htdocs\mamastylist\wp-includes\template-loader.php(106): include('E:\\xampp\\htdocs...')
#13 E:\xampp\htdocs\mamastylist\wp-blog-header.php(19): require_once('E:\\xampp\\htdocs...')
#14 E:\xampp\htdocs\mamastylist\index.php(17): require('E:\\xampp\\htdocs...')
#15 {main}
  thrown in E:\xampp\htdocs\mamastylist\wp-includes\class-wp-hook.php on line 310

2023-09-21T16:50:01+00:00 CRITICAL Uncaught TypeError: preg_match(): Argument #2 ($subject) must be of type string, array given in E:\xampp\htdocs\mamastylist\wp-includes\formatting.php:1604
Stack trace:
#0 E:\xampp\htdocs\mamastylist\wp-includes\formatting.php(1604): preg_match('/[\\x80-\\xff]/', Array)
#1 E:\xampp\htdocs\mamastylist\wp-includes\formatting.php(2219): remove_accents(Array)
#2 [internal function]: sanitize_title(Array)
#3 E:\xampp\htdocs\mamastylist\wp-includes\class-wp-term-query.php(561): array_map('sanitize_title', Array)
#4 E:\xampp\htdocs\mamastylist\wp-includes\class-wp-term-query.php(308): WP_Term_Query->get_terms()
#5 E:\xampp\htdocs\mamastylist\wp-includes\class-wp-tax-query.php(644): WP_Term_Query->query(Array)
#6 E:\xampp\htdocs\mamastylist\wp-includes\class-wp-tax-query.php(567): WP_Tax_Query->transform_query(Array, 'term_id')
#7 E:\xampp\htdocs\mamastylist\wp-includes\class-wp-tax-query.php(395): WP_Tax_Query->clean_query(Array)
#8 E:\xampp\htdocs\mamastylist\wp-includes\class-wp-tax-query.php(325): WP_Tax_Query->get_sql_for_clause(Array, Array)
#9 E:\xampp\htdocs\mamastylist\wp-includes\class-wp-tax-query.php(275): WP_Tax_Query->get_sql_for_query(Array)
#10 E:\xampp\htdocs\mamastylist\wp-includes\class-wp-tax-query.php(251): WP_Tax_Query->get_sql_clauses()
#11 E:\xampp\htdocs\mamastylist\wp-includes\class-wp-query.php(2247): WP_Tax_Query->get_sql('wp_posts', 'ID')
#12 E:\xampp\htdocs\mamastylist\wp-includes\class-wp-query.php(3800): WP_Query->get_posts()
#13 E:\xampp\htdocs\mamastylist\wp-includes\class-wp-query.php(3932): WP_Query->query(Array)
#14 E:\xampp\htdocs\mamastylist\wp-content\themes\mamstylist\functions.php(478): WP_Query->__construct(Array)
#15 E:\xampp\htdocs\mamastylist\wp-includes\class-wp-hook.php(310): handle_ajax_request('')
#16 E:\xampp\htdocs\mamastylist\wp-includes\class-wp-hook.php(334): WP_Hook->apply_filters('', Array)
#17 E:\xampp\htdocs\mamastylist\wp-includes\plugin.php(517): WP_Hook->do_action(Array)
#18 E:\xampp\htdocs\mamastylist\wp-admin\admin-ajax.php(188): do_action('wp_ajax_my_ajax...')
#19 {main}
  thrown in E:\xampp\htdocs\mamastylist\wp-includes\formatting.php on line 1604

2023-09-21T16:50:02+00:00 CRITICAL Uncaught TypeError: preg_match(): Argument #2 ($subject) must be of type string, array given in E:\xampp\htdocs\mamastylist\wp-includes\formatting.php:1604
Stack trace:
#0 E:\xampp\htdocs\mamastylist\wp-includes\formatting.php(1604): preg_match('/[\\x80-\\xff]/', Array)
#1 E:\xampp\htdocs\mamastylist\wp-includes\formatting.php(2219): remove_accents(Array)
#2 [internal function]: sanitize_title(Array)
#3 E:\xampp\htdocs\mamastylist\wp-includes\class-wp-term-query.php(561): array_map('sanitize_title', Array)
#4 E:\xampp\htdocs\mamastylist\wp-includes\class-wp-term-query.php(308): WP_Term_Query->get_terms()
#5 E:\xampp\htdocs\mamastylist\wp-includes\class-wp-tax-query.php(644): WP_Term_Query->query(Array)
#6 E:\xampp\htdocs\mamastylist\wp-includes\class-wp-tax-query.php(567): WP_Tax_Query->transform_query(Array, 'term_id')
#7 E:\xampp\htdocs\mamastylist\wp-includes\class-wp-tax-query.php(395): WP_Tax_Query->clean_query(Array)
#8 E:\xampp\htdocs\mamastylist\wp-includes\class-wp-tax-query.php(325): WP_Tax_Query->get_sql_for_clause(Array, Array)
#9 E:\xampp\htdocs\mamastylist\wp-includes\class-wp-tax-query.php(275): WP_Tax_Query->get_sql_for_query(Array)
#10 E:\xampp\htdocs\mamastylist\wp-includes\class-wp-tax-query.php(251): WP_Tax_Query->get_sql_clauses()
#11 E:\xampp\htdocs\mamastylist\wp-includes\class-wp-query.php(2247): WP_Tax_Query->get_sql('wp_posts', 'ID')
#12 E:\xampp\htdocs\mamastylist\wp-includes\class-wp-query.php(3800): WP_Query->get_posts()
#13 E:\xampp\htdocs\mamastylist\wp-includes\class-wp-query.php(3932): WP_Query->query(Array)
#14 E:\xampp\htdocs\mamastylist\wp-content\themes\mamstylist\functions.php(478): WP_Query->__construct(Array)
#15 E:\xampp\htdocs\mamastylist\wp-includes\class-wp-hook.php(310): handle_ajax_request('')
#16 E:\xampp\htdocs\mamastylist\wp-includes\class-wp-hook.php(334): WP_Hook->apply_filters('', Array)
#17 E:\xampp\htdocs\mamastylist\wp-includes\plugin.php(517): WP_Hook->do_action(Array)
#18 E:\xampp\htdocs\mamastylist\wp-admin\admin-ajax.php(188): do_action('wp_ajax_my_ajax...')
#19 {main}
  thrown in E:\xampp\htdocs\mamastylist\wp-includes\formatting.php on line 1604

2023-09-21T16:50:02+00:00 CRITICAL Uncaught TypeError: preg_match(): Argument #2 ($subject) must be of type string, array given in E:\xampp\htdocs\mamastylist\wp-includes\formatting.php:1604
Stack trace:
#0 E:\xampp\htdocs\mamastylist\wp-includes\formatting.php(1604): preg_match('/[\\x80-\\xff]/', Array)
#1 E:\xampp\htdocs\mamastylist\wp-includes\formatting.php(2219): remove_accents(Array)
#2 [internal function]: sanitize_title(Array)
#3 E:\xampp\htdocs\mamastylist\wp-includes\class-wp-term-query.php(561): array_map('sanitize_title', Array)
#4 E:\xampp\htdocs\mamastylist\wp-includes\class-wp-term-query.php(308): WP_Term_Query->get_terms()
#5 E:\xampp\htdocs\mamastylist\wp-includes\class-wp-tax-query.php(644): WP_Term_Query->query(Array)
#6 E:\xampp\htdocs\mamastylist\wp-includes\class-wp-tax-query.php(567): WP_Tax_Query->transform_query(Array, 'term_id')
#7 E:\xampp\htdocs\mamastylist\wp-includes\class-wp-tax-query.php(395): WP_Tax_Query->clean_query(Array)
#8 E:\xampp\htdocs\mamastylist\wp-includes\class-wp-tax-query.php(325): WP_Tax_Query->get_sql_for_clause(Array, Array)
#9 E:\xampp\htdocs\mamastylist\wp-includes\class-wp-tax-query.php(275): WP_Tax_Query->get_sql_for_query(Array)
#10 E:\xampp\htdocs\mamastylist\wp-includes\class-wp-tax-query.php(251): WP_Tax_Query->get_sql_clauses()
#11 E:\xampp\htdocs\mamastylist\wp-includes\class-wp-query.php(2247): WP_Tax_Query->get_sql('wp_posts', 'ID')
#12 E:\xampp\htdocs\mamastylist\wp-includes\class-wp-query.php(3800): WP_Query->get_posts()
#13 E:\xampp\htdocs\mamastylist\wp-includes\class-wp-query.php(3932): WP_Query->query(Array)
#14 E:\xampp\htdocs\mamastylist\wp-content\themes\mamstylist\functions.php(478): WP_Query->__construct(Array)
#15 E:\xampp\htdocs\mamastylist\wp-includes\class-wp-hook.php(310): handle_ajax_request('')
#16 E:\xampp\htdocs\mamastylist\wp-includes\class-wp-hook.php(334): WP_Hook->apply_filters('', Array)
#17 E:\xampp\htdocs\mamastylist\wp-includes\plugin.php(517): WP_Hook->do_action(Array)
#18 E:\xampp\htdocs\mamastylist\wp-admin\admin-ajax.php(188): do_action('wp_ajax_my_ajax...')
#19 {main}
  thrown in E:\xampp\htdocs\mamastylist\wp-includes\formatting.php on line 1604

2023-09-21T16:50:03+00:00 CRITICAL Uncaught TypeError: preg_match(): Argument #2 ($subject) must be of type string, array given in E:\xampp\htdocs\mamastylist\wp-includes\formatting.php:1604
Stack trace:
#0 E:\xampp\htdocs\mamastylist\wp-includes\formatting.php(1604): preg_match('/[\\x80-\\xff]/', Array)
#1 E:\xampp\htdocs\mamastylist\wp-includes\formatting.php(2219): remove_accents(Array)
#2 [internal function]: sanitize_title(Array)
#3 E:\xampp\htdocs\mamastylist\wp-includes\class-wp-term-query.php(561): array_map('sanitize_title', Array)
#4 E:\xampp\htdocs\mamastylist\wp-includes\class-wp-term-query.php(308): WP_Term_Query->get_terms()
#5 E:\xampp\htdocs\mamastylist\wp-includes\class-wp-tax-query.php(644): WP_Term_Query->query(Array)
#6 E:\xampp\htdocs\mamastylist\wp-includes\class-wp-tax-query.php(567): WP_Tax_Query->transform_query(Array, 'term_id')
#7 E:\xampp\htdocs\mamastylist\wp-includes\class-wp-tax-query.php(395): WP_Tax_Query->clean_query(Array)
#8 E:\xampp\htdocs\mamastylist\wp-includes\class-wp-tax-query.php(325): WP_Tax_Query->get_sql_for_clause(Array, Array)
#9 E:\xampp\htdocs\mamastylist\wp-includes\class-wp-tax-query.php(275): WP_Tax_Query->get_sql_for_query(Array)
#10 E:\xampp\htdocs\mamastylist\wp-includes\class-wp-tax-query.php(251): WP_Tax_Query->get_sql_clauses()
#11 E:\xampp\htdocs\mamastylist\wp-includes\class-wp-query.php(2247): WP_Tax_Query->get_sql('wp_posts', 'ID')
#12 E:\xampp\htdocs\mamastylist\wp-includes\class-wp-query.php(3800): WP_Query->get_posts()
#13 E:\xampp\htdocs\mamastylist\wp-includes\class-wp-query.php(3932): WP_Query->query(Array)
#14 E:\xampp\htdocs\mamastylist\wp-content\themes\mamstylist\functions.php(478): WP_Query->__construct(Array)
#15 E:\xampp\htdocs\mamastylist\wp-includes\class-wp-hook.php(310): handle_ajax_request('')
#16 E:\xampp\htdocs\mamastylist\wp-includes\class-wp-hook.php(334): WP_Hook->apply_filters('', Array)
#17 E:\xampp\htdocs\mamastylist\wp-includes\plugin.php(517): WP_Hook->do_action(Array)
#18 E:\xampp\htdocs\mamastylist\wp-admin\admin-ajax.php(188): do_action('wp_ajax_my_ajax...')
#19 {main}
  thrown in E:\xampp\htdocs\mamastylist\wp-includes\formatting.php on line 1604

2023-09-21T16:50:03+00:00 CRITICAL Uncaught TypeError: preg_match(): Argument #2 ($subject) must be of type string, array given in E:\xampp\htdocs\mamastylist\wp-includes\formatting.php:1604
Stack trace:
#0 E:\xampp\htdocs\mamastylist\wp-includes\formatting.php(1604): preg_match('/[\\x80-\\xff]/', Array)
#1 E:\xampp\htdocs\mamastylist\wp-includes\formatting.php(2219): remove_accents(Array)
#2 [internal function]: sanitize_title(Array)
#3 E:\xampp\htdocs\mamastylist\wp-includes\class-wp-term-query.php(561): array_map('sanitize_title', Array)
#4 E:\xampp\htdocs\mamastylist\wp-includes\class-wp-term-query.php(308): WP_Term_Query->get_terms()
#5 E:\xampp\htdocs\mamastylist\wp-includes\class-wp-tax-query.php(644): WP_Term_Query->query(Array)
#6 E:\xampp\htdocs\mamastylist\wp-includes\class-wp-tax-query.php(567): WP_Tax_Query->transform_query(Array, 'term_id')
#7 E:\xampp\htdocs\mamastylist\wp-includes\class-wp-tax-query.php(395): WP_Tax_Query->clean_query(Array)
#8 E:\xampp\htdocs\mamastylist\wp-includes\class-wp-tax-query.php(325): WP_Tax_Query->get_sql_for_clause(Array, Array)
#9 E:\xampp\htdocs\mamastylist\wp-includes\class-wp-tax-query.php(275): WP_Tax_Query->get_sql_for_query(Array)
#10 E:\xampp\htdocs\mamastylist\wp-includes\class-wp-tax-query.php(251): WP_Tax_Query->get_sql_clauses()
#11 E:\xampp\htdocs\mamastylist\wp-includes\class-wp-query.php(2247): WP_Tax_Query->get_sql('wp_posts', 'ID')
#12 E:\xampp\htdocs\mamastylist\wp-includes\class-wp-query.php(3800): WP_Query->get_posts()
#13 E:\xampp\htdocs\mamastylist\wp-includes\class-wp-query.php(3932): WP_Query->query(Array)
#14 E:\xampp\htdocs\mamastylist\wp-content\themes\mamstylist\functions.php(478): WP_Query->__construct(Array)
#15 E:\xampp\htdocs\mamastylist\wp-includes\class-wp-hook.php(310): handle_ajax_request('')
#16 E:\xampp\htdocs\mamastylist\wp-includes\class-wp-hook.php(334): WP_Hook->apply_filters('', Array)
#17 E:\xampp\htdocs\mamastylist\wp-includes\plugin.php(517): WP_Hook->do_action(Array)
#18 E:\xampp\htdocs\mamastylist\wp-admin\admin-ajax.php(188): do_action('wp_ajax_my_ajax...')
#19 {main}
  thrown in E:\xampp\htdocs\mamastylist\wp-includes\formatting.php on line 1604

2023-09-21T16:50:05+00:00 CRITICAL Uncaught TypeError: preg_match(): Argument #2 ($subject) must be of type string, array given in E:\xampp\htdocs\mamastylist\wp-includes\formatting.php:1604
Stack trace:
#0 E:\xampp\htdocs\mamastylist\wp-includes\formatting.php(1604): preg_match('/[\\x80-\\xff]/', Array)
#1 E:\xampp\htdocs\mamastylist\wp-includes\formatting.php(2219): remove_accents(Array)
#2 [internal function]: sanitize_title(Array)
#3 E:\xampp\htdocs\mamastylist\wp-includes\class-wp-term-query.php(561): array_map('sanitize_title', Array)
#4 E:\xampp\htdocs\mamastylist\wp-includes\class-wp-term-query.php(308): WP_Term_Query->get_terms()
#5 E:\xampp\htdocs\mamastylist\wp-includes\class-wp-tax-query.php(644): WP_Term_Query->query(Array)
#6 E:\xampp\htdocs\mamastylist\wp-includes\class-wp-tax-query.php(567): WP_Tax_Query->transform_query(Array, 'term_id')
#7 E:\xampp\htdocs\mamastylist\wp-includes\class-wp-tax-query.php(395): WP_Tax_Query->clean_query(Array)
#8 E:\xampp\htdocs\mamastylist\wp-includes\class-wp-tax-query.php(325): WP_Tax_Query->get_sql_for_clause(Array, Array)
#9 E:\xampp\htdocs\mamastylist\wp-includes\class-wp-tax-query.php(275): WP_Tax_Query->get_sql_for_query(Array)
#10 E:\xampp\htdocs\mamastylist\wp-includes\class-wp-tax-query.php(251): WP_Tax_Query->get_sql_clauses()
#11 E:\xampp\htdocs\mamastylist\wp-includes\class-wp-query.php(2247): WP_Tax_Query->get_sql('wp_posts', 'ID')
#12 E:\xampp\htdocs\mamastylist\wp-includes\class-wp-query.php(3800): WP_Query->get_posts()
#13 E:\xampp\htdocs\mamastylist\wp-includes\class-wp-query.php(3932): WP_Query->query(Array)
#14 E:\xampp\htdocs\mamastylist\wp-content\themes\mamstylist\functions.php(478): WP_Query->__construct(Array)
#15 E:\xampp\htdocs\mamastylist\wp-includes\class-wp-hook.php(310): handle_ajax_request('')
#16 E:\xampp\htdocs\mamastylist\wp-includes\class-wp-hook.php(334): WP_Hook->apply_filters('', Array)
#17 E:\xampp\htdocs\mamastylist\wp-includes\plugin.php(517): WP_Hook->do_action(Array)
#18 E:\xampp\htdocs\mamastylist\wp-admin\admin-ajax.php(188): do_action('wp_ajax_my_ajax...')
#19 {main}
  thrown in E:\xampp\htdocs\mamastylist\wp-includes\formatting.php on line 1604

2023-09-21T16:50:05+00:00 CRITICAL Uncaught TypeError: preg_match(): Argument #2 ($subject) must be of type string, array given in E:\xampp\htdocs\mamastylist\wp-includes\formatting.php:1604
Stack trace:
#0 E:\xampp\htdocs\mamastylist\wp-includes\formatting.php(1604): preg_match('/[\\x80-\\xff]/', Array)
#1 E:\xampp\htdocs\mamastylist\wp-includes\formatting.php(2219): remove_accents(Array)
#2 [internal function]: sanitize_title(Array)
#3 E:\xampp\htdocs\mamastylist\wp-includes\class-wp-term-query.php(561): array_map('sanitize_title', Array)
#4 E:\xampp\htdocs\mamastylist\wp-includes\class-wp-term-query.php(308): WP_Term_Query->get_terms()
#5 E:\xampp\htdocs\mamastylist\wp-includes\class-wp-tax-query.php(644): WP_Term_Query->query(Array)
#6 E:\xampp\htdocs\mamastylist\wp-includes\class-wp-tax-query.php(567): WP_Tax_Query->transform_query(Array, 'term_id')
#7 E:\xampp\htdocs\mamastylist\wp-includes\class-wp-tax-query.php(395): WP_Tax_Query->clean_query(Array)
#8 E:\xampp\htdocs\mamastylist\wp-includes\class-wp-tax-query.php(325): WP_Tax_Query->get_sql_for_clause(Array, Array)
#9 E:\xampp\htdocs\mamastylist\wp-includes\class-wp-tax-query.php(275): WP_Tax_Query->get_sql_for_query(Array)
#10 E:\xampp\htdocs\mamastylist\wp-includes\class-wp-tax-query.php(251): WP_Tax_Query->get_sql_clauses()
#11 E:\xampp\htdocs\mamastylist\wp-includes\class-wp-query.php(2247): WP_Tax_Query->get_sql('wp_posts', 'ID')
#12 E:\xampp\htdocs\mamastylist\wp-includes\class-wp-query.php(3800): WP_Query->get_posts()
#13 E:\xampp\htdocs\mamastylist\wp-includes\class-wp-query.php(3932): WP_Query->query(Array)
#14 E:\xampp\htdocs\mamastylist\wp-content\themes\mamstylist\functions.php(478): WP_Query->__construct(Array)
#15 E:\xampp\htdocs\mamastylist\wp-includes\class-wp-hook.php(310): handle_ajax_request('')
#16 E:\xampp\htdocs\mamastylist\wp-includes\class-wp-hook.php(334): WP_Hook->apply_filters('', Array)
#17 E:\xampp\htdocs\mamastylist\wp-includes\plugin.php(517): WP_Hook->do_action(Array)
#18 E:\xampp\htdocs\mamastylist\wp-admin\admin-ajax.php(188): do_action('wp_ajax_my_ajax...')
#19 {main}
  thrown in E:\xampp\htdocs\mamastylist\wp-includes\formatting.php on line 1604

2023-09-21T16:50:11+00:00 CRITICAL Uncaught TypeError: preg_match(): Argument #2 ($subject) must be of type string, array given in E:\xampp\htdocs\mamastylist\wp-includes\formatting.php:1604
Stack trace:
#0 E:\xampp\htdocs\mamastylist\wp-includes\formatting.php(1604): preg_match('/[\\x80-\\xff]/', Array)
#1 E:\xampp\htdocs\mamastylist\wp-includes\formatting.php(2219): remove_accents(Array)
#2 [internal function]: sanitize_title(Array)
#3 E:\xampp\htdocs\mamastylist\wp-includes\class-wp-term-query.php(561): array_map('sanitize_title', Array)
#4 E:\xampp\htdocs\mamastylist\wp-includes\class-wp-term-query.php(308): WP_Term_Query->get_terms()
#5 E:\xampp\htdocs\mamastylist\wp-includes\class-wp-tax-query.php(644): WP_Term_Query->query(Array)
#6 E:\xampp\htdocs\mamastylist\wp-includes\class-wp-tax-query.php(567): WP_Tax_Query->transform_query(Array, 'term_id')
#7 E:\xampp\htdocs\mamastylist\wp-includes\class-wp-tax-query.php(395): WP_Tax_Query->clean_query(Array)
#8 E:\xampp\htdocs\mamastylist\wp-includes\class-wp-tax-query.php(325): WP_Tax_Query->get_sql_for_clause(Array, Array)
#9 E:\xampp\htdocs\mamastylist\wp-includes\class-wp-tax-query.php(275): WP_Tax_Query->get_sql_for_query(Array)
#10 E:\xampp\htdocs\mamastylist\wp-includes\class-wp-tax-query.php(251): WP_Tax_Query->get_sql_clauses()
#11 E:\xampp\htdocs\mamastylist\wp-includes\class-wp-query.php(2247): WP_Tax_Query->get_sql('wp_posts', 'ID')
#12 E:\xampp\htdocs\mamastylist\wp-includes\class-wp-query.php(3800): WP_Query->get_posts()
#13 E:\xampp\htdocs\mamastylist\wp-includes\class-wp-query.php(3932): WP_Query->query(Array)
#14 E:\xampp\htdocs\mamastylist\wp-content\themes\mamstylist\functions.php(478): WP_Query->__construct(Array)
#15 E:\xampp\htdocs\mamastylist\wp-includes\class-wp-hook.php(310): handle_ajax_request('')
#16 E:\xampp\htdocs\mamastylist\wp-includes\class-wp-hook.php(334): WP_Hook->apply_filters('', Array)
#17 E:\xampp\htdocs\mamastylist\wp-includes\plugin.php(517): WP_Hook->do_action(Array)
#18 E:\xampp\htdocs\mamastylist\wp-admin\admin-ajax.php(188): do_action('wp_ajax_my_ajax...')
#19 {main}
  thrown in E:\xampp\htdocs\mamastylist\wp-includes\formatting.php on line 1604

2023-09-21T17:06:29+00:00 CRITICAL Uncaught TypeError: preg_match(): Argument #2 ($subject) must be of type string, array given in E:\xampp\htdocs\mamastylist\wp-includes\formatting.php:1604
Stack trace:
#0 E:\xampp\htdocs\mamastylist\wp-includes\formatting.php(1604): preg_match('/[\\x80-\\xff]/', Array)
#1 E:\xampp\htdocs\mamastylist\wp-includes\formatting.php(2219): remove_accents(Array)
#2 [internal function]: sanitize_title(Array)
#3 E:\xampp\htdocs\mamastylist\wp-includes\class-wp-term-query.php(561): array_map('sanitize_title', Array)
#4 E:\xampp\htdocs\mamastylist\wp-includes\class-wp-term-query.php(308): WP_Term_Query->get_terms()
#5 E:\xampp\htdocs\mamastylist\wp-includes\class-wp-tax-query.php(644): WP_Term_Query->query(Array)
#6 E:\xampp\htdocs\mamastylist\wp-includes\class-wp-tax-query.php(567): WP_Tax_Query->transform_query(Array, 'term_id')
#7 E:\xampp\htdocs\mamastylist\wp-includes\class-wp-tax-query.php(395): WP_Tax_Query->clean_query(Array)
#8 E:\xampp\htdocs\mamastylist\wp-includes\class-wp-tax-query.php(325): WP_Tax_Query->get_sql_for_clause(Array, Array)
#9 E:\xampp\htdocs\mamastylist\wp-includes\class-wp-tax-query.php(275): WP_Tax_Query->get_sql_for_query(Array)
#10 E:\xampp\htdocs\mamastylist\wp-includes\class-wp-tax-query.php(251): WP_Tax_Query->get_sql_clauses()
#11 E:\xampp\htdocs\mamastylist\wp-includes\class-wp-query.php(2247): WP_Tax_Query->get_sql('wp_posts', 'ID')
#12 E:\xampp\htdocs\mamastylist\wp-includes\class-wp-query.php(3800): WP_Query->get_posts()
#13 E:\xampp\htdocs\mamastylist\wp-includes\class-wp-query.php(3932): WP_Query->query(Array)
#14 E:\xampp\htdocs\mamastylist\wp-content\themes\mamstylist\functions.php(478): WP_Query->__construct(Array)
#15 E:\xampp\htdocs\mamastylist\wp-includes\class-wp-hook.php(310): handle_ajax_request('')
#16 E:\xampp\htdocs\mamastylist\wp-includes\class-wp-hook.php(334): WP_Hook->apply_filters('', Array)
#17 E:\xampp\htdocs\mamastylist\wp-includes\plugin.php(517): WP_Hook->do_action(Array)
#18 E:\xampp\htdocs\mamastylist\wp-admin\admin-ajax.php(188): do_action('wp_ajax_my_ajax...')
#19 {main}
  thrown in E:\xampp\htdocs\mamastylist\wp-includes\formatting.php on line 1604

2023-09-21T17:59:42+00:00 CRITICAL Uncaught TypeError: preg_match(): Argument #2 ($subject) must be of type string, array given in E:\xampp\htdocs\mamastylist\wp-includes\formatting.php:1604
Stack trace:
#0 E:\xampp\htdocs\mamastylist\wp-includes\formatting.php(1604): preg_match('/[\\x80-\\xff]/', Array)
#1 E:\xampp\htdocs\mamastylist\wp-includes\formatting.php(2219): remove_accents(Array)
#2 [internal function]: sanitize_title(Array)
#3 E:\xampp\htdocs\mamastylist\wp-includes\class-wp-term-query.php(561): array_map('sanitize_title', Array)
#4 E:\xampp\htdocs\mamastylist\wp-includes\class-wp-term-query.php(308): WP_Term_Query->get_terms()
#5 E:\xampp\htdocs\mamastylist\wp-includes\class-wp-tax-query.php(644): WP_Term_Query->query(Array)
#6 E:\xampp\htdocs\mamastylist\wp-includes\class-wp-tax-query.php(567): WP_Tax_Query->transform_query(Array, 'term_id')
#7 E:\xampp\htdocs\mamastylist\wp-includes\class-wp-tax-query.php(395): WP_Tax_Query->clean_query(Array)
#8 E:\xampp\htdocs\mamastylist\wp-includes\class-wp-tax-query.php(325): WP_Tax_Query->get_sql_for_clause(Array, Array)
#9 E:\xampp\htdocs\mamastylist\wp-includes\class-wp-tax-query.php(275): WP_Tax_Query->get_sql_for_query(Array)
#10 E:\xampp\htdocs\mamastylist\wp-includes\class-wp-tax-query.php(251): WP_Tax_Query->get_sql_clauses()
#11 E:\xampp\htdocs\mamastylist\wp-includes\class-wp-query.php(2247): WP_Tax_Query->get_sql('wp_posts', 'ID')
#12 E:\xampp\htdocs\mamastylist\wp-includes\class-wp-query.php(3800): WP_Query->get_posts()
#13 E:\xampp\htdocs\mamastylist\wp-includes\class-wp-query.php(3932): WP_Query->query(Array)
#14 E:\xampp\htdocs\mamastylist\wp-content\themes\mamstylist\functions.php(478): WP_Query->__construct(Array)
#15 E:\xampp\htdocs\mamastylist\wp-includes\class-wp-hook.php(310): handle_ajax_request('')
#16 E:\xampp\htdocs\mamastylist\wp-includes\class-wp-hook.php(334): WP_Hook->apply_filters('', Array)
#17 E:\xampp\htdocs\mamastylist\wp-includes\plugin.php(517): WP_Hook->do_action(Array)
#18 E:\xampp\htdocs\mamastylist\wp-admin\admin-ajax.php(188): do_action('wp_ajax_my_ajax...')
#19 {main}
  thrown in E:\xampp\htdocs\mamastylist\wp-includes\formatting.php on line 1604

2023-09-21T18:14:32+00:00 CRITICAL Uncaught TypeError: preg_match(): Argument #2 ($subject) must be of type string, array given in E:\xampp\htdocs\mamastylist\wp-includes\formatting.php:1604
Stack trace:
#0 E:\xampp\htdocs\mamastylist\wp-includes\formatting.php(1604): preg_match('/[\\x80-\\xff]/', Array)
#1 E:\xampp\htdocs\mamastylist\wp-includes\formatting.php(2219): remove_accents(Array)
#2 [internal function]: sanitize_title(Array)
#3 E:\xampp\htdocs\mamastylist\wp-includes\class-wp-term-query.php(561): array_map('sanitize_title', Array)
#4 E:\xampp\htdocs\mamastylist\wp-includes\class-wp-term-query.php(308): WP_Term_Query->get_terms()
#5 E:\xampp\htdocs\mamastylist\wp-includes\class-wp-tax-query.php(644): WP_Term_Query->query(Array)
#6 E:\xampp\htdocs\mamastylist\wp-includes\class-wp-tax-query.php(567): WP_Tax_Query->transform_query(Array, 'term_id')
#7 E:\xampp\htdocs\mamastylist\wp-includes\class-wp-tax-query.php(395): WP_Tax_Query->clean_query(Array)
#8 E:\xampp\htdocs\mamastylist\wp-includes\class-wp-tax-query.php(325): WP_Tax_Query->get_sql_for_clause(Array, Array)
#9 E:\xampp\htdocs\mamastylist\wp-includes\class-wp-tax-query.php(275): WP_Tax_Query->get_sql_for_query(Array)
#10 E:\xampp\htdocs\mamastylist\wp-includes\class-wp-tax-query.php(251): WP_Tax_Query->get_sql_clauses()
#11 E:\xampp\htdocs\mamastylist\wp-includes\class-wp-query.php(2247): WP_Tax_Query->get_sql('wp_posts', 'ID')
#12 E:\xampp\htdocs\mamastylist\wp-includes\class-wp-query.php(3800): WP_Query->get_posts()
#13 E:\xampp\htdocs\mamastylist\wp-includes\class-wp-query.php(3932): WP_Query->query(Array)
#14 E:\xampp\htdocs\mamastylist\wp-content\themes\mamstylist\functions.php(478): WP_Query->__construct(Array)
#15 E:\xampp\htdocs\mamastylist\wp-includes\class-wp-hook.php(310): handle_ajax_request('')
#16 E:\xampp\htdocs\mamastylist\wp-includes\class-wp-hook.php(334): WP_Hook->apply_filters('', Array)
#17 E:\xampp\htdocs\mamastylist\wp-includes\plugin.php(517): WP_Hook->do_action(Array)
#18 E:\xampp\htdocs\mamastylist\wp-admin\admin-ajax.php(188): do_action('wp_ajax_my_ajax...')
#19 {main}
  thrown in E:\xampp\htdocs\mamastylist\wp-includes\formatting.php on line 1604

2023-09-21T18:16:23+00:00 CRITICAL Uncaught TypeError: preg_match(): Argument #2 ($subject) must be of type string, array given in E:\xampp\htdocs\mamastylist\wp-includes\formatting.php:1604
Stack trace:
#0 E:\xampp\htdocs\mamastylist\wp-includes\formatting.php(1604): preg_match('/[\\x80-\\xff]/', Array)
#1 E:\xampp\htdocs\mamastylist\wp-includes\formatting.php(2219): remove_accents(Array)
#2 [internal function]: sanitize_title(Array)
#3 E:\xampp\htdocs\mamastylist\wp-includes\class-wp-term-query.php(561): array_map('sanitize_title', Array)
#4 E:\xampp\htdocs\mamastylist\wp-includes\class-wp-term-query.php(308): WP_Term_Query->get_terms()
#5 E:\xampp\htdocs\mamastylist\wp-includes\class-wp-tax-query.php(644): WP_Term_Query->query(Array)
#6 E:\xampp\htdocs\mamastylist\wp-includes\class-wp-tax-query.php(567): WP_Tax_Query->transform_query(Array, 'term_id')
#7 E:\xampp\htdocs\mamastylist\wp-includes\class-wp-tax-query.php(395): WP_Tax_Query->clean_query(Array)
#8 E:\xampp\htdocs\mamastylist\wp-includes\class-wp-tax-query.php(325): WP_Tax_Query->get_sql_for_clause(Array, Array)
#9 E:\xampp\htdocs\mamastylist\wp-includes\class-wp-tax-query.php(275): WP_Tax_Query->get_sql_for_query(Array)
#10 E:\xampp\htdocs\mamastylist\wp-includes\class-wp-tax-query.php(251): WP_Tax_Query->get_sql_clauses()
#11 E:\xampp\htdocs\mamastylist\wp-includes\class-wp-query.php(2247): WP_Tax_Query->get_sql('wp_posts', 'ID')
#12 E:\xampp\htdocs\mamastylist\wp-includes\class-wp-query.php(3800): WP_Query->get_posts()
#13 E:\xampp\htdocs\mamastylist\wp-includes\class-wp-query.php(3932): WP_Query->query(Array)
#14 E:\xampp\htdocs\mamastylist\wp-content\themes\mamstylist\functions.php(478): WP_Query->__construct(Array)
#15 E:\xampp\htdocs\mamastylist\wp-includes\class-wp-hook.php(310): handle_ajax_request('')
#16 E:\xampp\htdocs\mamastylist\wp-includes\class-wp-hook.php(334): WP_Hook->apply_filters('', Array)
#17 E:\xampp\htdocs\mamastylist\wp-includes\plugin.php(517): WP_Hook->do_action(Array)
#18 E:\xampp\htdocs\mamastylist\wp-admin\admin-ajax.php(188): do_action('wp_ajax_my_ajax...')
#19 {main}
  thrown in E:\xampp\htdocs\mamastylist\wp-includes\formatting.php on line 1604

2023-09-21T18:21:06+00:00 CRITICAL Uncaught TypeError: preg_match(): Argument #2 ($subject) must be of type string, array given in E:\xampp\htdocs\mamastylist\wp-includes\formatting.php:1604
Stack trace:
#0 E:\xampp\htdocs\mamastylist\wp-includes\formatting.php(1604): preg_match('/[\\x80-\\xff]/', Array)
#1 E:\xampp\htdocs\mamastylist\wp-includes\formatting.php(2219): remove_accents(Array)
#2 [internal function]: sanitize_title(Array)
#3 E:\xampp\htdocs\mamastylist\wp-includes\class-wp-term-query.php(561): array_map('sanitize_title', Array)
#4 E:\xampp\htdocs\mamastylist\wp-includes\class-wp-term-query.php(308): WP_Term_Query->get_terms()
#5 E:\xampp\htdocs\mamastylist\wp-includes\class-wp-tax-query.php(644): WP_Term_Query->query(Array)
#6 E:\xampp\htdocs\mamastylist\wp-includes\class-wp-tax-query.php(567): WP_Tax_Query->transform_query(Array, 'term_id')
#7 E:\xampp\htdocs\mamastylist\wp-includes\class-wp-tax-query.php(395): WP_Tax_Query->clean_query(Array)
#8 E:\xampp\htdocs\mamastylist\wp-includes\class-wp-tax-query.php(325): WP_Tax_Query->get_sql_for_clause(Array, Array)
#9 E:\xampp\htdocs\mamastylist\wp-includes\class-wp-tax-query.php(275): WP_Tax_Query->get_sql_for_query(Array)
#10 E:\xampp\htdocs\mamastylist\wp-includes\class-wp-tax-query.php(251): WP_Tax_Query->get_sql_clauses()
#11 E:\xampp\htdocs\mamastylist\wp-includes\class-wp-query.php(2247): WP_Tax_Query->get_sql('wp_posts', 'ID')
#12 E:\xampp\htdocs\mamastylist\wp-includes\class-wp-query.php(3800): WP_Query->get_posts()
#13 E:\xampp\htdocs\mamastylist\wp-includes\class-wp-query.php(3932): WP_Query->query(Array)
#14 E:\xampp\htdocs\mamastylist\wp-content\themes\mamstylist\functions.php(478): WP_Query->__construct(Array)
#15 E:\xampp\htdocs\mamastylist\wp-includes\class-wp-hook.php(310): handle_ajax_request('')
#16 E:\xampp\htdocs\mamastylist\wp-includes\class-wp-hook.php(334): WP_Hook->apply_filters('', Array)
#17 E:\xampp\htdocs\mamastylist\wp-includes\plugin.php(517): WP_Hook->do_action(Array)
#18 E:\xampp\htdocs\mamastylist\wp-admin\admin-ajax.php(188): do_action('wp_ajax_my_ajax...')
#19 {main}
  thrown in E:\xampp\htdocs\mamastylist\wp-includes\formatting.php on line 1604

2023-09-21T18:21:34+00:00 CRITICAL Uncaught TypeError: preg_match(): Argument #2 ($subject) must be of type string, array given in E:\xampp\htdocs\mamastylist\wp-includes\formatting.php:1604
Stack trace:
#0 E:\xampp\htdocs\mamastylist\wp-includes\formatting.php(1604): preg_match('/[\\x80-\\xff]/', Array)
#1 E:\xampp\htdocs\mamastylist\wp-includes\formatting.php(2219): remove_accents(Array)
#2 [internal function]: sanitize_title(Array)
#3 E:\xampp\htdocs\mamastylist\wp-includes\class-wp-term-query.php(561): array_map('sanitize_title', Array)
#4 E:\xampp\htdocs\mamastylist\wp-includes\class-wp-term-query.php(308): WP_Term_Query->get_terms()
#5 E:\xampp\htdocs\mamastylist\wp-includes\class-wp-tax-query.php(644): WP_Term_Query->query(Array)
#6 E:\xampp\htdocs\mamastylist\wp-includes\class-wp-tax-query.php(567): WP_Tax_Query->transform_query(Array, 'term_id')
#7 E:\xampp\htdocs\mamastylist\wp-includes\class-wp-tax-query.php(395): WP_Tax_Query->clean_query(Array)
#8 E:\xampp\htdocs\mamastylist\wp-includes\class-wp-tax-query.php(325): WP_Tax_Query->get_sql_for_clause(Array, Array)
#9 E:\xampp\htdocs\mamastylist\wp-includes\class-wp-tax-query.php(275): WP_Tax_Query->get_sql_for_query(Array)
#10 E:\xampp\htdocs\mamastylist\wp-includes\class-wp-tax-query.php(251): WP_Tax_Query->get_sql_clauses()
#11 E:\xampp\htdocs\mamastylist\wp-includes\class-wp-query.php(2247): WP_Tax_Query->get_sql('wp_posts', 'ID')
#12 E:\xampp\htdocs\mamastylist\wp-includes\class-wp-query.php(3800): WP_Query->get_posts()
#13 E:\xampp\htdocs\mamastylist\wp-includes\class-wp-query.php(3932): WP_Query->query(Array)
#14 E:\xampp\htdocs\mamastylist\wp-content\themes\mamstylist\functions.php(478): WP_Query->__construct(Array)
#15 E:\xampp\htdocs\mamastylist\wp-includes\class-wp-hook.php(310): handle_ajax_request('')
#16 E:\xampp\htdocs\mamastylist\wp-includes\class-wp-hook.php(334): WP_Hook->apply_filters('', Array)
#17 E:\xampp\htdocs\mamastylist\wp-includes\plugin.php(517): WP_Hook->do_action(Array)
#18 E:\xampp\htdocs\mamastylist\wp-admin\admin-ajax.php(188): do_action('wp_ajax_my_ajax...')
#19 {main}
  thrown in E:\xampp\htdocs\mamastylist\wp-includes\formatting.php on line 1604

2023-09-21T18:22:09+00:00 CRITICAL Uncaught TypeError: preg_match(): Argument #2 ($subject) must be of type string, array given in E:\xampp\htdocs\mamastylist\wp-includes\formatting.php:1604
Stack trace:
#0 E:\xampp\htdocs\mamastylist\wp-includes\formatting.php(1604): preg_match('/[\\x80-\\xff]/', Array)
#1 E:\xampp\htdocs\mamastylist\wp-includes\formatting.php(2219): remove_accents(Array)
#2 [internal function]: sanitize_title(Array)
#3 E:\xampp\htdocs\mamastylist\wp-includes\class-wp-term-query.php(561): array_map('sanitize_title', Array)
#4 E:\xampp\htdocs\mamastylist\wp-includes\class-wp-term-query.php(308): WP_Term_Query->get_terms()
#5 E:\xampp\htdocs\mamastylist\wp-includes\class-wp-tax-query.php(644): WP_Term_Query->query(Array)
#6 E:\xampp\htdocs\mamastylist\wp-includes\class-wp-tax-query.php(567): WP_Tax_Query->transform_query(Array, 'term_id')
#7 E:\xampp\htdocs\mamastylist\wp-includes\class-wp-tax-query.php(395): WP_Tax_Query->clean_query(Array)
#8 E:\xampp\htdocs\mamastylist\wp-includes\class-wp-tax-query.php(325): WP_Tax_Query->get_sql_for_clause(Array, Array)
#9 E:\xampp\htdocs\mamastylist\wp-includes\class-wp-tax-query.php(275): WP_Tax_Query->get_sql_for_query(Array)
#10 E:\xampp\htdocs\mamastylist\wp-includes\class-wp-tax-query.php(251): WP_Tax_Query->get_sql_clauses()
#11 E:\xampp\htdocs\mamastylist\wp-includes\class-wp-query.php(2247): WP_Tax_Query->get_sql('wp_posts', 'ID')
#12 E:\xampp\htdocs\mamastylist\wp-includes\class-wp-query.php(3800): WP_Query->get_posts()
#13 E:\xampp\htdocs\mamastylist\wp-includes\class-wp-query.php(3932): WP_Query->query(Array)
#14 E:\xampp\htdocs\mamastylist\wp-content\themes\mamstylist\functions.php(477): WP_Query->__construct(Array)
#15 E:\xampp\htdocs\mamastylist\wp-includes\class-wp-hook.php(310): handle_ajax_request('')
#16 E:\xampp\htdocs\mamastylist\wp-includes\class-wp-hook.php(334): WP_Hook->apply_filters('', Array)
#17 E:\xampp\htdocs\mamastylist\wp-includes\plugin.php(517): WP_Hook->do_action(Array)
#18 E:\xampp\htdocs\mamastylist\wp-admin\admin-ajax.php(188): do_action('wp_ajax_my_ajax...')
#19 {main}
  thrown in E:\xampp\htdocs\mamastylist\wp-includes\formatting.php on line 1604

2023-09-21T18:25:39+00:00 CRITICAL Uncaught TypeError: preg_match(): Argument #2 ($subject) must be of type string, array given in E:\xampp\htdocs\mamastylist\wp-includes\formatting.php:1604
Stack trace:
#0 E:\xampp\htdocs\mamastylist\wp-includes\formatting.php(1604): preg_match('/[\\x80-\\xff]/', Array)
#1 E:\xampp\htdocs\mamastylist\wp-includes\formatting.php(2219): remove_accents(Array)
#2 [internal function]: sanitize_title(Array)
#3 E:\xampp\htdocs\mamastylist\wp-includes\class-wp-term-query.php(561): array_map('sanitize_title', Array)
#4 E:\xampp\htdocs\mamastylist\wp-includes\class-wp-term-query.php(308): WP_Term_Query->get_terms()
#5 E:\xampp\htdocs\mamastylist\wp-includes\class-wp-tax-query.php(644): WP_Term_Query->query(Array)
#6 E:\xampp\htdocs\mamastylist\wp-includes\class-wp-tax-query.php(567): WP_Tax_Query->transform_query(Array, 'term_id')
#7 E:\xampp\htdocs\mamastylist\wp-includes\class-wp-tax-query.php(395): WP_Tax_Query->clean_query(Array)
#8 E:\xampp\htdocs\mamastylist\wp-includes\class-wp-tax-query.php(325): WP_Tax_Query->get_sql_for_clause(Array, Array)
#9 E:\xampp\htdocs\mamastylist\wp-includes\class-wp-tax-query.php(275): WP_Tax_Query->get_sql_for_query(Array)
#10 E:\xampp\htdocs\mamastylist\wp-includes\class-wp-tax-query.php(251): WP_Tax_Query->get_sql_clauses()
#11 E:\xampp\htdocs\mamastylist\wp-includes\class-wp-query.php(2247): WP_Tax_Query->get_sql('wp_posts', 'ID')
#12 E:\xampp\htdocs\mamastylist\wp-includes\class-wp-query.php(3800): WP_Query->get_posts()
#13 E:\xampp\htdocs\mamastylist\wp-includes\class-wp-query.php(3932): WP_Query->query(Array)
#14 E:\xampp\htdocs\mamastylist\wp-content\themes\mamstylist\functions.php(481): WP_Query->__construct(Array)
#15 E:\xampp\htdocs\mamastylist\wp-includes\class-wp-hook.php(310): handle_ajax_request('')
#16 E:\xampp\htdocs\mamastylist\wp-includes\class-wp-hook.php(334): WP_Hook->apply_filters('', Array)
#17 E:\xampp\htdocs\mamastylist\wp-includes\plugin.php(517): WP_Hook->do_action(Array)
#18 E:\xampp\htdocs\mamastylist\wp-admin\admin-ajax.php(188): do_action('wp_ajax_my_ajax...')
#19 {main}
  thrown in E:\xampp\htdocs\mamastylist\wp-includes\formatting.php on line 1604

2023-09-21T18:25:42+00:00 CRITICAL Uncaught TypeError: preg_match(): Argument #2 ($subject) must be of type string, array given in E:\xampp\htdocs\mamastylist\wp-includes\formatting.php:1604
Stack trace:
#0 E:\xampp\htdocs\mamastylist\wp-includes\formatting.php(1604): preg_match('/[\\x80-\\xff]/', Array)
#1 E:\xampp\htdocs\mamastylist\wp-includes\formatting.php(2219): remove_accents(Array)
#2 [internal function]: sanitize_title(Array)
#3 E:\xampp\htdocs\mamastylist\wp-includes\class-wp-term-query.php(561): array_map('sanitize_title', Array)
#4 E:\xampp\htdocs\mamastylist\wp-includes\class-wp-term-query.php(308): WP_Term_Query->get_terms()
#5 E:\xampp\htdocs\mamastylist\wp-includes\class-wp-tax-query.php(644): WP_Term_Query->query(Array)
#6 E:\xampp\htdocs\mamastylist\wp-includes\class-wp-tax-query.php(567): WP_Tax_Query->transform_query(Array, 'term_id')
#7 E:\xampp\htdocs\mamastylist\wp-includes\class-wp-tax-query.php(395): WP_Tax_Query->clean_query(Array)
#8 E:\xampp\htdocs\mamastylist\wp-includes\class-wp-tax-query.php(325): WP_Tax_Query->get_sql_for_clause(Array, Array)
#9 E:\xampp\htdocs\mamastylist\wp-includes\class-wp-tax-query.php(275): WP_Tax_Query->get_sql_for_query(Array)
#10 E:\xampp\htdocs\mamastylist\wp-includes\class-wp-tax-query.php(251): WP_Tax_Query->get_sql_clauses()
#11 E:\xampp\htdocs\mamastylist\wp-includes\class-wp-query.php(2247): WP_Tax_Query->get_sql('wp_posts', 'ID')
#12 E:\xampp\htdocs\mamastylist\wp-includes\class-wp-query.php(3800): WP_Query->get_posts()
#13 E:\xampp\htdocs\mamastylist\wp-includes\class-wp-query.php(3932): WP_Query->query(Array)
#14 E:\xampp\htdocs\mamastylist\wp-content\themes\mamstylist\functions.php(481): WP_Query->__construct(Array)
#15 E:\xampp\htdocs\mamastylist\wp-includes\class-wp-hook.php(310): handle_ajax_request('')
#16 E:\xampp\htdocs\mamastylist\wp-includes\class-wp-hook.php(334): WP_Hook->apply_filters('', Array)
#17 E:\xampp\htdocs\mamastylist\wp-includes\plugin.php(517): WP_Hook->do_action(Array)
#18 E:\xampp\htdocs\mamastylist\wp-admin\admin-ajax.php(188): do_action('wp_ajax_my_ajax...')
#19 {main}
  thrown in E:\xampp\htdocs\mamastylist\wp-includes\formatting.php on line 1604

2023-09-21T18:25:58+00:00 CRITICAL Uncaught TypeError: preg_match(): Argument #2 ($subject) must be of type string, array given in E:\xampp\htdocs\mamastylist\wp-includes\formatting.php:1604
Stack trace:
#0 E:\xampp\htdocs\mamastylist\wp-includes\formatting.php(1604): preg_match('/[\\x80-\\xff]/', Array)
#1 E:\xampp\htdocs\mamastylist\wp-includes\formatting.php(2219): remove_accents(Array)
#2 [internal function]: sanitize_title(Array)
#3 E:\xampp\htdocs\mamastylist\wp-includes\class-wp-term-query.php(561): array_map('sanitize_title', Array)
#4 E:\xampp\htdocs\mamastylist\wp-includes\class-wp-term-query.php(308): WP_Term_Query->get_terms()
#5 E:\xampp\htdocs\mamastylist\wp-includes\class-wp-tax-query.php(644): WP_Term_Query->query(Array)
#6 E:\xampp\htdocs\mamastylist\wp-includes\class-wp-tax-query.php(567): WP_Tax_Query->transform_query(Array, 'term_id')
#7 E:\xampp\htdocs\mamastylist\wp-includes\class-wp-tax-query.php(395): WP_Tax_Query->clean_query(Array)
#8 E:\xampp\htdocs\mamastylist\wp-includes\class-wp-tax-query.php(325): WP_Tax_Query->get_sql_for_clause(Array, Array)
#9 E:\xampp\htdocs\mamastylist\wp-includes\class-wp-tax-query.php(275): WP_Tax_Query->get_sql_for_query(Array)
#10 E:\xampp\htdocs\mamastylist\wp-includes\class-wp-tax-query.php(251): WP_Tax_Query->get_sql_clauses()
#11 E:\xampp\htdocs\mamastylist\wp-includes\class-wp-query.php(2247): WP_Tax_Query->get_sql('wp_posts', 'ID')
#12 E:\xampp\htdocs\mamastylist\wp-includes\class-wp-query.php(3800): WP_Query->get_posts()
#13 E:\xampp\htdocs\mamastylist\wp-includes\class-wp-query.php(3932): WP_Query->query(Array)
#14 E:\xampp\htdocs\mamastylist\wp-content\themes\mamstylist\functions.php(481): WP_Query->__construct(Array)
#15 E:\xampp\htdocs\mamastylist\wp-includes\class-wp-hook.php(310): handle_ajax_request('')
#16 E:\xampp\htdocs\mamastylist\wp-includes\class-wp-hook.php(334): WP_Hook->apply_filters('', Array)
#17 E:\xampp\htdocs\mamastylist\wp-includes\plugin.php(517): WP_Hook->do_action(Array)
#18 E:\xampp\htdocs\mamastylist\wp-admin\admin-ajax.php(188): do_action('wp_ajax_my_ajax...')
#19 {main}
  thrown in E:\xampp\htdocs\mamastylist\wp-includes\formatting.php on line 1604

2023-09-21T18:27:50+00:00 CRITICAL Uncaught TypeError: preg_match(): Argument #2 ($subject) must be of type string, array given in E:\xampp\htdocs\mamastylist\wp-includes\formatting.php:1604
Stack trace:
#0 E:\xampp\htdocs\mamastylist\wp-includes\formatting.php(1604): preg_match('/[\\x80-\\xff]/', Array)
#1 E:\xampp\htdocs\mamastylist\wp-includes\formatting.php(2219): remove_accents(Array)
#2 [internal function]: sanitize_title(Array)
#3 E:\xampp\htdocs\mamastylist\wp-includes\class-wp-term-query.php(561): array_map('sanitize_title', Array)
#4 E:\xampp\htdocs\mamastylist\wp-includes\class-wp-term-query.php(308): WP_Term_Query->get_terms()
#5 E:\xampp\htdocs\mamastylist\wp-includes\class-wp-tax-query.php(644): WP_Term_Query->query(Array)
#6 E:\xampp\htdocs\mamastylist\wp-includes\class-wp-tax-query.php(567): WP_Tax_Query->transform_query(Array, 'term_id')
#7 E:\xampp\htdocs\mamastylist\wp-includes\class-wp-tax-query.php(395): WP_Tax_Query->clean_query(Array)
#8 E:\xampp\htdocs\mamastylist\wp-includes\class-wp-tax-query.php(325): WP_Tax_Query->get_sql_for_clause(Array, Array)
#9 E:\xampp\htdocs\mamastylist\wp-includes\class-wp-tax-query.php(275): WP_Tax_Query->get_sql_for_query(Array)
#10 E:\xampp\htdocs\mamastylist\wp-includes\class-wp-tax-query.php(251): WP_Tax_Query->get_sql_clauses()
#11 E:\xampp\htdocs\mamastylist\wp-includes\class-wp-query.php(2247): WP_Tax_Query->get_sql('wp_posts', 'ID')
#12 E:\xampp\htdocs\mamastylist\wp-includes\class-wp-query.php(3800): WP_Query->get_posts()
#13 E:\xampp\htdocs\mamastylist\wp-includes\class-wp-query.php(3932): WP_Query->query(Array)
#14 E:\xampp\htdocs\mamastylist\wp-content\themes\mamstylist\functions.php(481): WP_Query->__construct(Array)
#15 E:\xampp\htdocs\mamastylist\wp-includes\class-wp-hook.php(310): handle_ajax_request('')
#16 E:\xampp\htdocs\mamastylist\wp-includes\class-wp-hook.php(334): WP_Hook->apply_filters('', Array)
#17 E:\xampp\htdocs\mamastylist\wp-includes\plugin.php(517): WP_Hook->do_action(Array)
#18 E:\xampp\htdocs\mamastylist\wp-admin\admin-ajax.php(188): do_action('wp_ajax_my_ajax...')
#19 {main}
  thrown in E:\xampp\htdocs\mamastylist\wp-includes\formatting.php on line 1604

2023-09-21T18:28:54+00:00 CRITICAL Uncaught TypeError: preg_match(): Argument #2 ($subject) must be of type string, array given in E:\xampp\htdocs\mamastylist\wp-includes\formatting.php:1604
Stack trace:
#0 E:\xampp\htdocs\mamastylist\wp-includes\formatting.php(1604): preg_match('/[\\x80-\\xff]/', Array)
#1 E:\xampp\htdocs\mamastylist\wp-includes\formatting.php(2219): remove_accents(Array)
#2 [internal function]: sanitize_title(Array)
#3 E:\xampp\htdocs\mamastylist\wp-includes\class-wp-term-query.php(561): array_map('sanitize_title', Array)
#4 E:\xampp\htdocs\mamastylist\wp-includes\class-wp-term-query.php(308): WP_Term_Query->get_terms()
#5 E:\xampp\htdocs\mamastylist\wp-includes\class-wp-tax-query.php(644): WP_Term_Query->query(Array)
#6 E:\xampp\htdocs\mamastylist\wp-includes\class-wp-tax-query.php(567): WP_Tax_Query->transform_query(Array, 'term_id')
#7 E:\xampp\htdocs\mamastylist\wp-includes\class-wp-tax-query.php(395): WP_Tax_Query->clean_query(Array)
#8 E:\xampp\htdocs\mamastylist\wp-includes\class-wp-tax-query.php(325): WP_Tax_Query->get_sql_for_clause(Array, Array)
#9 E:\xampp\htdocs\mamastylist\wp-includes\class-wp-tax-query.php(275): WP_Tax_Query->get_sql_for_query(Array)
#10 E:\xampp\htdocs\mamastylist\wp-includes\class-wp-tax-query.php(251): WP_Tax_Query->get_sql_clauses()
#11 E:\xampp\htdocs\mamastylist\wp-includes\class-wp-query.php(2247): WP_Tax_Query->get_sql('wp_posts', 'ID')
#12 E:\xampp\htdocs\mamastylist\wp-includes\class-wp-query.php(3800): WP_Query->get_posts()
#13 E:\xampp\htdocs\mamastylist\wp-includes\class-wp-query.php(3932): WP_Query->query(Array)
#14 E:\xampp\htdocs\mamastylist\wp-content\themes\mamstylist\functions.php(484): WP_Query->__construct(Array)
#15 E:\xampp\htdocs\mamastylist\wp-includes\class-wp-hook.php(310): handle_ajax_request('')
#16 E:\xampp\htdocs\mamastylist\wp-includes\class-wp-hook.php(334): WP_Hook->apply_filters('', Array)
#17 E:\xampp\htdocs\mamastylist\wp-includes\plugin.php(517): WP_Hook->do_action(Array)
#18 E:\xampp\htdocs\mamastylist\wp-admin\admin-ajax.php(188): do_action('wp_ajax_my_ajax...')
#19 {main}
  thrown in E:\xampp\htdocs\mamastylist\wp-includes\formatting.php on line 1604

2023-09-21T18:31:01+00:00 CRITICAL Uncaught TypeError: preg_match(): Argument #2 ($subject) must be of type string, array given in E:\xampp\htdocs\mamastylist\wp-includes\formatting.php:1604
Stack trace:
#0 E:\xampp\htdocs\mamastylist\wp-includes\formatting.php(1604): preg_match('/[\\x80-\\xff]/', Array)
#1 E:\xampp\htdocs\mamastylist\wp-includes\formatting.php(2219): remove_accents(Array)
#2 [internal function]: sanitize_title(Array)
#3 E:\xampp\htdocs\mamastylist\wp-includes\class-wp-term-query.php(561): array_map('sanitize_title', Array)
#4 E:\xampp\htdocs\mamastylist\wp-includes\class-wp-term-query.php(308): WP_Term_Query->get_terms()
#5 E:\xampp\htdocs\mamastylist\wp-includes\class-wp-tax-query.php(644): WP_Term_Query->query(Array)
#6 E:\xampp\htdocs\mamastylist\wp-includes\class-wp-tax-query.php(567): WP_Tax_Query->transform_query(Array, 'term_id')
#7 E:\xampp\htdocs\mamastylist\wp-includes\class-wp-tax-query.php(395): WP_Tax_Query->clean_query(Array)
#8 E:\xampp\htdocs\mamastylist\wp-includes\class-wp-tax-query.php(325): WP_Tax_Query->get_sql_for_clause(Array, Array)
#9 E:\xampp\htdocs\mamastylist\wp-includes\class-wp-tax-query.php(275): WP_Tax_Query->get_sql_for_query(Array)
#10 E:\xampp\htdocs\mamastylist\wp-includes\class-wp-tax-query.php(251): WP_Tax_Query->get_sql_clauses()
#11 E:\xampp\htdocs\mamastylist\wp-includes\class-wp-query.php(2247): WP_Tax_Query->get_sql('wp_posts', 'ID')
#12 E:\xampp\htdocs\mamastylist\wp-includes\class-wp-query.php(3800): WP_Query->get_posts()
#13 E:\xampp\htdocs\mamastylist\wp-includes\class-wp-query.php(3932): WP_Query->query(Array)
#14 E:\xampp\htdocs\mamastylist\wp-content\themes\mamstylist\functions.php(481): WP_Query->__construct(Array)
#15 E:\xampp\htdocs\mamastylist\wp-includes\class-wp-hook.php(310): handle_ajax_request('')
#16 E:\xampp\htdocs\mamastylist\wp-includes\class-wp-hook.php(334): WP_Hook->apply_filters('', Array)
#17 E:\xampp\htdocs\mamastylist\wp-includes\plugin.php(517): WP_Hook->do_action(Array)
#18 E:\xampp\htdocs\mamastylist\wp-admin\admin-ajax.php(188): do_action('wp_ajax_my_ajax...')
#19 {main}
  thrown in E:\xampp\htdocs\mamastylist\wp-includes\formatting.php on line 1604

2023-09-21T18:32:08+00:00 CRITICAL Uncaught TypeError: preg_match(): Argument #2 ($subject) must be of type string, array given in E:\xampp\htdocs\mamastylist\wp-includes\formatting.php:1604
Stack trace:
#0 E:\xampp\htdocs\mamastylist\wp-includes\formatting.php(1604): preg_match('/[\\x80-\\xff]/', Array)
#1 E:\xampp\htdocs\mamastylist\wp-includes\formatting.php(2219): remove_accents(Array)
#2 [internal function]: sanitize_title(Array)
#3 E:\xampp\htdocs\mamastylist\wp-includes\class-wp-term-query.php(561): array_map('sanitize_title', Array)
#4 E:\xampp\htdocs\mamastylist\wp-includes\class-wp-term-query.php(308): WP_Term_Query->get_terms()
#5 E:\xampp\htdocs\mamastylist\wp-includes\class-wp-tax-query.php(644): WP_Term_Query->query(Array)
#6 E:\xampp\htdocs\mamastylist\wp-includes\class-wp-tax-query.php(567): WP_Tax_Query->transform_query(Array, 'term_id')
#7 E:\xampp\htdocs\mamastylist\wp-includes\class-wp-tax-query.php(395): WP_Tax_Query->clean_query(Array)
#8 E:\xampp\htdocs\mamastylist\wp-includes\class-wp-tax-query.php(325): WP_Tax_Query->get_sql_for_clause(Array, Array)
#9 E:\xampp\htdocs\mamastylist\wp-includes\class-wp-tax-query.php(275): WP_Tax_Query->get_sql_for_query(Array)
#10 E:\xampp\htdocs\mamastylist\wp-includes\class-wp-tax-query.php(251): WP_Tax_Query->get_sql_clauses()
#11 E:\xampp\htdocs\mamastylist\wp-includes\class-wp-query.php(2247): WP_Tax_Query->get_sql('wp_posts', 'ID')
#12 E:\xampp\htdocs\mamastylist\wp-includes\class-wp-query.php(3800): WP_Query->get_posts()
#13 E:\xampp\htdocs\mamastylist\wp-includes\class-wp-query.php(3932): WP_Query->query(Array)
#14 E:\xampp\htdocs\mamastylist\wp-content\themes\mamstylist\functions.php(481): WP_Query->__construct(Array)
#15 E:\xampp\htdocs\mamastylist\wp-includes\class-wp-hook.php(310): handle_ajax_request('')
#16 E:\xampp\htdocs\mamastylist\wp-includes\class-wp-hook.php(334): WP_Hook->apply_filters('', Array)
#17 E:\xampp\htdocs\mamastylist\wp-includes\plugin.php(517): WP_Hook->do_action(Array)
#18 E:\xampp\htdocs\mamastylist\wp-admin\admin-ajax.php(188): do_action('wp_ajax_my_ajax...')
#19 {main}
  thrown in E:\xampp\htdocs\mamastylist\wp-includes\formatting.php on line 1604

2023-09-21T18:32:22+00:00 CRITICAL Uncaught TypeError: preg_match(): Argument #2 ($subject) must be of type string, array given in E:\xampp\htdocs\mamastylist\wp-includes\formatting.php:1604
Stack trace:
#0 E:\xampp\htdocs\mamastylist\wp-includes\formatting.php(1604): preg_match('/[\\x80-\\xff]/', Array)
#1 E:\xampp\htdocs\mamastylist\wp-includes\formatting.php(2219): remove_accents(Array)
#2 [internal function]: sanitize_title(Array)
#3 E:\xampp\htdocs\mamastylist\wp-includes\class-wp-term-query.php(561): array_map('sanitize_title', Array)
#4 E:\xampp\htdocs\mamastylist\wp-includes\class-wp-term-query.php(308): WP_Term_Query->get_terms()
#5 E:\xampp\htdocs\mamastylist\wp-includes\class-wp-tax-query.php(644): WP_Term_Query->query(Array)
#6 E:\xampp\htdocs\mamastylist\wp-includes\class-wp-tax-query.php(567): WP_Tax_Query->transform_query(Array, 'term_id')
#7 E:\xampp\htdocs\mamastylist\wp-includes\class-wp-tax-query.php(395): WP_Tax_Query->clean_query(Array)
#8 E:\xampp\htdocs\mamastylist\wp-includes\class-wp-tax-query.php(325): WP_Tax_Query->get_sql_for_clause(Array, Array)
#9 E:\xampp\htdocs\mamastylist\wp-includes\class-wp-tax-query.php(275): WP_Tax_Query->get_sql_for_query(Array)
#10 E:\xampp\htdocs\mamastylist\wp-includes\class-wp-tax-query.php(251): WP_Tax_Query->get_sql_clauses()
#11 E:\xampp\htdocs\mamastylist\wp-includes\class-wp-query.php(2247): WP_Tax_Query->get_sql('wp_posts', 'ID')
#12 E:\xampp\htdocs\mamastylist\wp-includes\class-wp-query.php(3800): WP_Query->get_posts()
#13 E:\xampp\htdocs\mamastylist\wp-includes\class-wp-query.php(3932): WP_Query->query(Array)
#14 E:\xampp\htdocs\mamastylist\wp-content\themes\mamstylist\functions.php(481): WP_Query->__construct(Array)
#15 E:\xampp\htdocs\mamastylist\wp-includes\class-wp-hook.php(310): handle_ajax_request('')
#16 E:\xampp\htdocs\mamastylist\wp-includes\class-wp-hook.php(334): WP_Hook->apply_filters('', Array)
#17 E:\xampp\htdocs\mamastylist\wp-includes\plugin.php(517): WP_Hook->do_action(Array)
#18 E:\xampp\htdocs\mamastylist\wp-admin\admin-ajax.php(188): do_action('wp_ajax_my_ajax...')
#19 {main}
  thrown in E:\xampp\htdocs\mamastylist\wp-includes\formatting.php on line 1604

