2023-11-16T04:10:51+00:00 CRITICAL Uncaught Error: Call to a member function get_price() on bool in E:\xampp\htdocs\mamastylist\wp-content\themes\mamstylist\functions.php:618
Stack trace:
#0 E:\xampp\htdocs\mamastylist\wp-includes\class-wp-hook.php(310): populate_set_column('set_price', 459)
#1 E:\xampp\htdocs\mamastylist\wp-includes\class-wp-hook.php(334): WP_Hook->apply_filters('', Array)
#2 E:\xampp\htdocs\mamastylist\wp-includes\plugin.php(517): WP_Hook->do_action(Array)
#3 E:\xampp\htdocs\mamastylist\wp-admin\includes\class-wp-posts-list-table.php(1387): do_action('manage_product_...', 'set_price', 459)
#4 E:\xampp\htdocs\mamastylist\wp-admin\includes\class-wp-list-table.php(1752): WP_Posts_List_Table->column_default(Object(WP_Post), 'set_price')
#5 E:\xampp\htdocs\mamastylist\wp-admin\includes\class-wp-posts-list-table.php(1421): WP_List_Table->single_row_columns(Object(WP_Post))
#6 E:\xampp\htdocs\mamastylist\wp-admin\includes\class-wp-posts-list-table.php(829): WP_Posts_List_Table->single_row(Object(WP_Post), 0)
#7 E:\xampp\htdocs\mamastylist\wp-admin\includes\class-wp-posts-list-table.php(805): WP_Posts_List_Table->_display_rows(Array, 0)
#8 E:\xampp\htdocs\mamastylist\wp-admin\includes\class-wp-list-table.php(1662): WP_Posts_List_Table->display_rows()
#9 E:\xampp\htdocs\mamastylist\wp-admin\includes\class-wp-list-table.php(1589): WP_List_Table->display_rows_or_placeholder()
#10 E:\xampp\htdocs\mamastylist\wp-admin\edit.php(495): WP_List_Table->display()
#11 {main}
  thrown: E:\xampp\htdocs\mamastylist\wp-content\themes\mamstylist\functions.php の行618

2023-11-16T07:06:49+00:00 CRITICAL Uncaught Error: Call to a member function get_price() on bool in E:\xampp\htdocs\mamastylist\wp-content\themes\mamstylist\functions.php:618
Stack trace:
#0 E:\xampp\htdocs\mamastylist\wp-includes\class-wp-hook.php(310): populate_set_column('set_price', 459)
#1 E:\xampp\htdocs\mamastylist\wp-includes\class-wp-hook.php(334): WP_Hook->apply_filters('', Array)
#2 E:\xampp\htdocs\mamastylist\wp-includes\plugin.php(517): WP_Hook->do_action(Array)
#3 E:\xampp\htdocs\mamastylist\wp-admin\includes\class-wp-posts-list-table.php(1387): do_action('manage_product_...', 'set_price', 459)
#4 E:\xampp\htdocs\mamastylist\wp-admin\includes\class-wp-list-table.php(1752): WP_Posts_List_Table->column_default(Object(WP_Post), 'set_price')
#5 E:\xampp\htdocs\mamastylist\wp-admin\includes\class-wp-posts-list-table.php(1421): WP_List_Table->single_row_columns(Object(WP_Post))
#6 E:\xampp\htdocs\mamastylist\wp-admin\includes\class-wp-posts-list-table.php(829): WP_Posts_List_Table->single_row(Object(WP_Post), 0)
#7 E:\xampp\htdocs\mamastylist\wp-admin\includes\class-wp-posts-list-table.php(805): WP_Posts_List_Table->_display_rows(Array, 0)
#8 E:\xampp\htdocs\mamastylist\wp-admin\includes\class-wp-list-table.php(1662): WP_Posts_List_Table->display_rows()
#9 E:\xampp\htdocs\mamastylist\wp-admin\includes\class-wp-list-table.php(1589): WP_List_Table->display_rows_or_placeholder()
#10 E:\xampp\htdocs\mamastylist\wp-admin\edit.php(495): WP_List_Table->display()
#11 {main}
  thrown: E:\xampp\htdocs\mamastylist\wp-content\themes\mamstylist\functions.php の行618

2023-11-16T07:07:27+00:00 CRITICAL Uncaught Error: Call to a member function get_price() on bool in E:\xampp\htdocs\mamastylist\wp-content\themes\mamstylist\functions.php:618
Stack trace:
#0 E:\xampp\htdocs\mamastylist\wp-includes\class-wp-hook.php(310): populate_set_column('set_price', 459)
#1 E:\xampp\htdocs\mamastylist\wp-includes\class-wp-hook.php(334): WP_Hook->apply_filters('', Array)
#2 E:\xampp\htdocs\mamastylist\wp-includes\plugin.php(517): WP_Hook->do_action(Array)
#3 E:\xampp\htdocs\mamastylist\wp-admin\includes\class-wp-posts-list-table.php(1387): do_action('manage_product_...', 'set_price', 459)
#4 E:\xampp\htdocs\mamastylist\wp-admin\includes\class-wp-list-table.php(1752): WP_Posts_List_Table->column_default(Object(WP_Post), 'set_price')
#5 E:\xampp\htdocs\mamastylist\wp-admin\includes\class-wp-posts-list-table.php(1421): WP_List_Table->single_row_columns(Object(WP_Post))
#6 E:\xampp\htdocs\mamastylist\wp-admin\includes\class-wp-posts-list-table.php(829): WP_Posts_List_Table->single_row(Object(WP_Post), 0)
#7 E:\xampp\htdocs\mamastylist\wp-admin\includes\class-wp-posts-list-table.php(805): WP_Posts_List_Table->_display_rows(Array, 0)
#8 E:\xampp\htdocs\mamastylist\wp-admin\includes\class-wp-list-table.php(1662): WP_Posts_List_Table->display_rows()
#9 E:\xampp\htdocs\mamastylist\wp-admin\includes\class-wp-list-table.php(1589): WP_List_Table->display_rows_or_placeholder()
#10 E:\xampp\htdocs\mamastylist\wp-admin\edit.php(495): WP_List_Table->display()
#11 {main}
  thrown: E:\xampp\htdocs\mamastylist\wp-content\themes\mamstylist\functions.php の行618

2023-11-16T07:07:33+00:00 CRITICAL Uncaught Error: Call to a member function get_price() on bool in E:\xampp\htdocs\mamastylist\wp-content\themes\mamstylist\functions.php:618
Stack trace:
#0 E:\xampp\htdocs\mamastylist\wp-includes\class-wp-hook.php(310): populate_set_column('set_price', 459)
#1 E:\xampp\htdocs\mamastylist\wp-includes\class-wp-hook.php(334): WP_Hook->apply_filters('', Array)
#2 E:\xampp\htdocs\mamastylist\wp-includes\plugin.php(517): WP_Hook->do_action(Array)
#3 E:\xampp\htdocs\mamastylist\wp-admin\includes\class-wp-posts-list-table.php(1387): do_action('manage_product_...', 'set_price', 459)
#4 E:\xampp\htdocs\mamastylist\wp-admin\includes\class-wp-list-table.php(1752): WP_Posts_List_Table->column_default(Object(WP_Post), 'set_price')
#5 E:\xampp\htdocs\mamastylist\wp-admin\includes\class-wp-posts-list-table.php(1421): WP_List_Table->single_row_columns(Object(WP_Post))
#6 E:\xampp\htdocs\mamastylist\wp-admin\includes\class-wp-posts-list-table.php(829): WP_Posts_List_Table->single_row(Object(WP_Post), 0)
#7 E:\xampp\htdocs\mamastylist\wp-admin\includes\class-wp-posts-list-table.php(805): WP_Posts_List_Table->_display_rows(Array, 0)
#8 E:\xampp\htdocs\mamastylist\wp-admin\includes\class-wp-list-table.php(1662): WP_Posts_List_Table->display_rows()
#9 E:\xampp\htdocs\mamastylist\wp-admin\includes\class-wp-list-table.php(1589): WP_List_Table->display_rows_or_placeholder()
#10 E:\xampp\htdocs\mamastylist\wp-admin\edit.php(495): WP_List_Table->display()
#11 {main}
  thrown: E:\xampp\htdocs\mamastylist\wp-content\themes\mamstylist\functions.php の行618

2023-11-16T07:14:38+00:00 CRITICAL Uncaught Error: Call to a member function get_price() on bool in E:\xampp\htdocs\mamastylist\wp-content\themes\mamstylist\functions.php:618
Stack trace:
#0 E:\xampp\htdocs\mamastylist\wp-includes\class-wp-hook.php(310): populate_set_column('set_price', 459)
#1 E:\xampp\htdocs\mamastylist\wp-includes\class-wp-hook.php(334): WP_Hook->apply_filters('', Array)
#2 E:\xampp\htdocs\mamastylist\wp-includes\plugin.php(517): WP_Hook->do_action(Array)
#3 E:\xampp\htdocs\mamastylist\wp-admin\includes\class-wp-posts-list-table.php(1387): do_action('manage_product_...', 'set_price', 459)
#4 E:\xampp\htdocs\mamastylist\wp-admin\includes\class-wp-list-table.php(1752): WP_Posts_List_Table->column_default(Object(WP_Post), 'set_price')
#5 E:\xampp\htdocs\mamastylist\wp-admin\includes\class-wp-posts-list-table.php(1421): WP_List_Table->single_row_columns(Object(WP_Post))
#6 E:\xampp\htdocs\mamastylist\wp-admin\includes\class-wp-posts-list-table.php(829): WP_Posts_List_Table->single_row(Object(WP_Post), 0)
#7 E:\xampp\htdocs\mamastylist\wp-admin\includes\class-wp-posts-list-table.php(805): WP_Posts_List_Table->_display_rows(Array, 0)
#8 E:\xampp\htdocs\mamastylist\wp-admin\includes\class-wp-list-table.php(1662): WP_Posts_List_Table->display_rows()
#9 E:\xampp\htdocs\mamastylist\wp-admin\includes\class-wp-list-table.php(1589): WP_List_Table->display_rows_or_placeholder()
#10 E:\xampp\htdocs\mamastylist\wp-admin\edit.php(495): WP_List_Table->display()
#11 {main}
  thrown: E:\xampp\htdocs\mamastylist\wp-content\themes\mamstylist\functions.php の行618

2023-11-16T08:53:39+00:00 CRITICAL Uncaught Error: Call to a member function get_price() on bool in E:\xampp\htdocs\mamastylist\wp-content\themes\mamstylist\functions.php:618
Stack trace:
#0 E:\xampp\htdocs\mamastylist\wp-includes\class-wp-hook.php(310): populate_set_column('set_price', 459)
#1 E:\xampp\htdocs\mamastylist\wp-includes\class-wp-hook.php(334): WP_Hook->apply_filters('', Array)
#2 E:\xampp\htdocs\mamastylist\wp-includes\plugin.php(517): WP_Hook->do_action(Array)
#3 E:\xampp\htdocs\mamastylist\wp-admin\includes\class-wp-posts-list-table.php(1387): do_action('manage_product_...', 'set_price', 459)
#4 E:\xampp\htdocs\mamastylist\wp-admin\includes\class-wp-list-table.php(1752): WP_Posts_List_Table->column_default(Object(WP_Post), 'set_price')
#5 E:\xampp\htdocs\mamastylist\wp-admin\includes\class-wp-posts-list-table.php(1421): WP_List_Table->single_row_columns(Object(WP_Post))
#6 E:\xampp\htdocs\mamastylist\wp-admin\includes\class-wp-posts-list-table.php(829): WP_Posts_List_Table->single_row(Object(WP_Post), 0)
#7 E:\xampp\htdocs\mamastylist\wp-admin\includes\class-wp-posts-list-table.php(805): WP_Posts_List_Table->_display_rows(Array, 0)
#8 E:\xampp\htdocs\mamastylist\wp-admin\includes\class-wp-list-table.php(1662): WP_Posts_List_Table->display_rows()
#9 E:\xampp\htdocs\mamastylist\wp-admin\includes\class-wp-list-table.php(1589): WP_List_Table->display_rows_or_placeholder()
#10 E:\xampp\htdocs\mamastylist\wp-admin\edit.php(495): WP_List_Table->display()
#11 {main}
  thrown: E:\xampp\htdocs\mamastylist\wp-content\themes\mamstylist\functions.php の行618

2023-11-16T08:53:39+00:00 CRITICAL Uncaught Error: Call to a member function get_price() on bool in E:\xampp\htdocs\mamastylist\wp-content\themes\mamstylist\functions.php:618
Stack trace:
#0 E:\xampp\htdocs\mamastylist\wp-includes\class-wp-hook.php(310): populate_set_column('set_price', 459)
#1 E:\xampp\htdocs\mamastylist\wp-includes\class-wp-hook.php(334): WP_Hook->apply_filters('', Array)
#2 E:\xampp\htdocs\mamastylist\wp-includes\plugin.php(517): WP_Hook->do_action(Array)
#3 E:\xampp\htdocs\mamastylist\wp-admin\includes\class-wp-posts-list-table.php(1387): do_action('manage_product_...', 'set_price', 459)
#4 E:\xampp\htdocs\mamastylist\wp-admin\includes\class-wp-list-table.php(1752): WP_Posts_List_Table->column_default(Object(WP_Post), 'set_price')
#5 E:\xampp\htdocs\mamastylist\wp-admin\includes\class-wp-posts-list-table.php(1421): WP_List_Table->single_row_columns(Object(WP_Post))
#6 E:\xampp\htdocs\mamastylist\wp-admin\includes\class-wp-posts-list-table.php(829): WP_Posts_List_Table->single_row(Object(WP_Post), 0)
#7 E:\xampp\htdocs\mamastylist\wp-admin\includes\class-wp-posts-list-table.php(805): WP_Posts_List_Table->_display_rows(Array, 0)
#8 E:\xampp\htdocs\mamastylist\wp-admin\includes\class-wp-list-table.php(1662): WP_Posts_List_Table->display_rows()
#9 E:\xampp\htdocs\mamastylist\wp-admin\includes\class-wp-list-table.php(1589): WP_List_Table->display_rows_or_placeholder()
#10 E:\xampp\htdocs\mamastylist\wp-admin\edit.php(495): WP_List_Table->display()
#11 {main}
  thrown: E:\xampp\htdocs\mamastylist\wp-content\themes\mamstylist\functions.php の行618

2023-11-16T09:57:46+00:00 CRITICAL Uncaught Error: Call to a member function get_price() on bool in E:\xampp\htdocs\mamastylist\wp-content\themes\mamstylist\functions.php:618
Stack trace:
#0 E:\xampp\htdocs\mamastylist\wp-includes\class-wp-hook.php(310): populate_set_column('set_price', 469)
#1 E:\xampp\htdocs\mamastylist\wp-includes\class-wp-hook.php(334): WP_Hook->apply_filters('', Array)
#2 E:\xampp\htdocs\mamastylist\wp-includes\plugin.php(517): WP_Hook->do_action(Array)
#3 E:\xampp\htdocs\mamastylist\wp-admin\includes\class-wp-posts-list-table.php(1387): do_action('manage_product_...', 'set_price', 469)
#4 E:\xampp\htdocs\mamastylist\wp-admin\includes\class-wp-list-table.php(1752): WP_Posts_List_Table->column_default(Object(WP_Post), 'set_price')
#5 E:\xampp\htdocs\mamastylist\wp-admin\includes\class-wp-posts-list-table.php(1421): WP_List_Table->single_row_columns(Object(WP_Post))
#6 E:\xampp\htdocs\mamastylist\wp-admin\includes\class-wp-posts-list-table.php(829): WP_Posts_List_Table->single_row(Object(WP_Post), 0)
#7 E:\xampp\htdocs\mamastylist\wp-admin\includes\class-wp-posts-list-table.php(805): WP_Posts_List_Table->_display_rows(Array, 0)
#8 E:\xampp\htdocs\mamastylist\wp-admin\includes\class-wp-list-table.php(1662): WP_Posts_List_Table->display_rows()
#9 E:\xampp\htdocs\mamastylist\wp-admin\includes\class-wp-list-table.php(1589): WP_List_Table->display_rows_or_placeholder()
#10 E:\xampp\htdocs\mamastylist\wp-admin\edit.php(495): WP_List_Table->display()
#11 {main}
  thrown: E:\xampp\htdocs\mamastylist\wp-content\themes\mamstylist\functions.php の行618

2023-11-16T10:00:06+00:00 CRITICAL Uncaught Error: Call to a member function get_price() on bool in E:\xampp\htdocs\mamastylist\wp-content\themes\mamstylist\functions.php:618
Stack trace:
#0 E:\xampp\htdocs\mamastylist\wp-includes\class-wp-hook.php(310): populate_set_column('set_price', 469)
#1 E:\xampp\htdocs\mamastylist\wp-includes\class-wp-hook.php(334): WP_Hook->apply_filters('', Array)
#2 E:\xampp\htdocs\mamastylist\wp-includes\plugin.php(517): WP_Hook->do_action(Array)
#3 E:\xampp\htdocs\mamastylist\wp-admin\includes\class-wp-posts-list-table.php(1387): do_action('manage_product_...', 'set_price', 469)
#4 E:\xampp\htdocs\mamastylist\wp-admin\includes\class-wp-list-table.php(1752): WP_Posts_List_Table->column_default(Object(WP_Post), 'set_price')
#5 E:\xampp\htdocs\mamastylist\wp-admin\includes\class-wp-posts-list-table.php(1421): WP_List_Table->single_row_columns(Object(WP_Post))
#6 E:\xampp\htdocs\mamastylist\wp-admin\includes\class-wp-posts-list-table.php(829): WP_Posts_List_Table->single_row(Object(WP_Post), 0)
#7 E:\xampp\htdocs\mamastylist\wp-admin\includes\class-wp-posts-list-table.php(805): WP_Posts_List_Table->_display_rows(Array, 0)
#8 E:\xampp\htdocs\mamastylist\wp-admin\includes\class-wp-list-table.php(1662): WP_Posts_List_Table->display_rows()
#9 E:\xampp\htdocs\mamastylist\wp-admin\includes\class-wp-list-table.php(1589): WP_List_Table->display_rows_or_placeholder()
#10 E:\xampp\htdocs\mamastylist\wp-admin\edit.php(495): WP_List_Table->display()
#11 {main}
  thrown: E:\xampp\htdocs\mamastylist\wp-content\themes\mamstylist\functions.php の行618

2023-11-16T10:00:18+00:00 CRITICAL Uncaught Error: Call to a member function get_price() on bool in E:\xampp\htdocs\mamastylist\wp-content\themes\mamstylist\functions.php:618
Stack trace:
#0 E:\xampp\htdocs\mamastylist\wp-includes\class-wp-hook.php(310): populate_set_column('set_price', 469)
#1 E:\xampp\htdocs\mamastylist\wp-includes\class-wp-hook.php(334): WP_Hook->apply_filters('', Array)
#2 E:\xampp\htdocs\mamastylist\wp-includes\plugin.php(517): WP_Hook->do_action(Array)
#3 E:\xampp\htdocs\mamastylist\wp-admin\includes\class-wp-posts-list-table.php(1387): do_action('manage_product_...', 'set_price', 469)
#4 E:\xampp\htdocs\mamastylist\wp-admin\includes\class-wp-list-table.php(1752): WP_Posts_List_Table->column_default(Object(WP_Post), 'set_price')
#5 E:\xampp\htdocs\mamastylist\wp-admin\includes\class-wp-posts-list-table.php(1421): WP_List_Table->single_row_columns(Object(WP_Post))
#6 E:\xampp\htdocs\mamastylist\wp-admin\includes\class-wp-posts-list-table.php(829): WP_Posts_List_Table->single_row(Object(WP_Post), 0)
#7 E:\xampp\htdocs\mamastylist\wp-admin\includes\class-wp-posts-list-table.php(805): WP_Posts_List_Table->_display_rows(Array, 0)
#8 E:\xampp\htdocs\mamastylist\wp-admin\includes\class-wp-list-table.php(1662): WP_Posts_List_Table->display_rows()
#9 E:\xampp\htdocs\mamastylist\wp-admin\includes\class-wp-list-table.php(1589): WP_List_Table->display_rows_or_placeholder()
#10 E:\xampp\htdocs\mamastylist\wp-admin\edit.php(495): WP_List_Table->display()
#11 {main}
  thrown: E:\xampp\htdocs\mamastylist\wp-content\themes\mamstylist\functions.php の行618

2023-11-16T10:01:10+00:00 CRITICAL Uncaught Error: Call to a member function get_price() on bool in E:\xampp\htdocs\mamastylist\wp-content\themes\mamstylist\functions.php:618
Stack trace:
#0 E:\xampp\htdocs\mamastylist\wp-includes\class-wp-hook.php(310): populate_set_column('set_price', 469)
#1 E:\xampp\htdocs\mamastylist\wp-includes\class-wp-hook.php(334): WP_Hook->apply_filters('', Array)
#2 E:\xampp\htdocs\mamastylist\wp-includes\plugin.php(517): WP_Hook->do_action(Array)
#3 E:\xampp\htdocs\mamastylist\wp-admin\includes\class-wp-posts-list-table.php(1387): do_action('manage_product_...', 'set_price', 469)
#4 E:\xampp\htdocs\mamastylist\wp-admin\includes\class-wp-list-table.php(1752): WP_Posts_List_Table->column_default(Object(WP_Post), 'set_price')
#5 E:\xampp\htdocs\mamastylist\wp-admin\includes\class-wp-posts-list-table.php(1421): WP_List_Table->single_row_columns(Object(WP_Post))
#6 E:\xampp\htdocs\mamastylist\wp-admin\includes\class-wp-posts-list-table.php(829): WP_Posts_List_Table->single_row(Object(WP_Post), 0)
#7 E:\xampp\htdocs\mamastylist\wp-admin\includes\class-wp-posts-list-table.php(805): WP_Posts_List_Table->_display_rows(Array, 0)
#8 E:\xampp\htdocs\mamastylist\wp-admin\includes\class-wp-list-table.php(1662): WP_Posts_List_Table->display_rows()
#9 E:\xampp\htdocs\mamastylist\wp-admin\includes\class-wp-list-table.php(1589): WP_List_Table->display_rows_or_placeholder()
#10 E:\xampp\htdocs\mamastylist\wp-admin\edit.php(495): WP_List_Table->display()
#11 {main}
  thrown: E:\xampp\htdocs\mamastylist\wp-content\themes\mamstylist\functions.php の行618

2023-11-16T10:02:12+00:00 CRITICAL Uncaught Error: Call to a member function get_price() on bool in E:\xampp\htdocs\mamastylist\wp-content\themes\mamstylist\functions.php:618
Stack trace:
#0 E:\xampp\htdocs\mamastylist\wp-includes\class-wp-hook.php(310): populate_set_column('set_price', 469)
#1 E:\xampp\htdocs\mamastylist\wp-includes\class-wp-hook.php(334): WP_Hook->apply_filters('', Array)
#2 E:\xampp\htdocs\mamastylist\wp-includes\plugin.php(517): WP_Hook->do_action(Array)
#3 E:\xampp\htdocs\mamastylist\wp-admin\includes\class-wp-posts-list-table.php(1387): do_action('manage_product_...', 'set_price', 469)
#4 E:\xampp\htdocs\mamastylist\wp-admin\includes\class-wp-list-table.php(1752): WP_Posts_List_Table->column_default(Object(WP_Post), 'set_price')
#5 E:\xampp\htdocs\mamastylist\wp-admin\includes\class-wp-posts-list-table.php(1421): WP_List_Table->single_row_columns(Object(WP_Post))
#6 E:\xampp\htdocs\mamastylist\wp-admin\includes\class-wp-posts-list-table.php(829): WP_Posts_List_Table->single_row(Object(WP_Post), 0)
#7 E:\xampp\htdocs\mamastylist\wp-admin\includes\class-wp-posts-list-table.php(805): WP_Posts_List_Table->_display_rows(Array, 0)
#8 E:\xampp\htdocs\mamastylist\wp-admin\includes\class-wp-list-table.php(1662): WP_Posts_List_Table->display_rows()
#9 E:\xampp\htdocs\mamastylist\wp-admin\includes\class-wp-list-table.php(1589): WP_List_Table->display_rows_or_placeholder()
#10 E:\xampp\htdocs\mamastylist\wp-admin\edit.php(495): WP_List_Table->display()
#11 {main}
  thrown: E:\xampp\htdocs\mamastylist\wp-content\themes\mamstylist\functions.php の行618

2023-11-16T10:02:21+00:00 CRITICAL Uncaught Error: Call to a member function get_price() on bool in E:\xampp\htdocs\mamastylist\wp-content\themes\mamstylist\functions.php:618
Stack trace:
#0 E:\xampp\htdocs\mamastylist\wp-includes\class-wp-hook.php(310): populate_set_column('set_price', 469)
#1 E:\xampp\htdocs\mamastylist\wp-includes\class-wp-hook.php(334): WP_Hook->apply_filters('', Array)
#2 E:\xampp\htdocs\mamastylist\wp-includes\plugin.php(517): WP_Hook->do_action(Array)
#3 E:\xampp\htdocs\mamastylist\wp-admin\includes\class-wp-posts-list-table.php(1387): do_action('manage_product_...', 'set_price', 469)
#4 E:\xampp\htdocs\mamastylist\wp-admin\includes\class-wp-list-table.php(1752): WP_Posts_List_Table->column_default(Object(WP_Post), 'set_price')
#5 E:\xampp\htdocs\mamastylist\wp-admin\includes\class-wp-posts-list-table.php(1421): WP_List_Table->single_row_columns(Object(WP_Post))
#6 E:\xampp\htdocs\mamastylist\wp-admin\includes\class-wp-posts-list-table.php(829): WP_Posts_List_Table->single_row(Object(WP_Post), 0)
#7 E:\xampp\htdocs\mamastylist\wp-admin\includes\class-wp-posts-list-table.php(805): WP_Posts_List_Table->_display_rows(Array, 0)
#8 E:\xampp\htdocs\mamastylist\wp-admin\includes\class-wp-list-table.php(1662): WP_Posts_List_Table->display_rows()
#9 E:\xampp\htdocs\mamastylist\wp-admin\includes\class-wp-list-table.php(1589): WP_List_Table->display_rows_or_placeholder()
#10 E:\xampp\htdocs\mamastylist\wp-admin\edit.php(495): WP_List_Table->display()
#11 {main}
  thrown: E:\xampp\htdocs\mamastylist\wp-content\themes\mamstylist\functions.php の行618

2023-11-16T10:02:29+00:00 CRITICAL Uncaught Error: Call to a member function get_price() on bool in E:\xampp\htdocs\mamastylist\wp-content\themes\mamstylist\functions.php:618
Stack trace:
#0 E:\xampp\htdocs\mamastylist\wp-includes\class-wp-hook.php(310): populate_set_column('set_price', 469)
#1 E:\xampp\htdocs\mamastylist\wp-includes\class-wp-hook.php(334): WP_Hook->apply_filters('', Array)
#2 E:\xampp\htdocs\mamastylist\wp-includes\plugin.php(517): WP_Hook->do_action(Array)
#3 E:\xampp\htdocs\mamastylist\wp-admin\includes\class-wp-posts-list-table.php(1387): do_action('manage_product_...', 'set_price', 469)
#4 E:\xampp\htdocs\mamastylist\wp-admin\includes\class-wp-list-table.php(1752): WP_Posts_List_Table->column_default(Object(WP_Post), 'set_price')
#5 E:\xampp\htdocs\mamastylist\wp-admin\includes\class-wp-posts-list-table.php(1421): WP_List_Table->single_row_columns(Object(WP_Post))
#6 E:\xampp\htdocs\mamastylist\wp-admin\includes\class-wp-posts-list-table.php(829): WP_Posts_List_Table->single_row(Object(WP_Post), 0)
#7 E:\xampp\htdocs\mamastylist\wp-admin\includes\class-wp-posts-list-table.php(805): WP_Posts_List_Table->_display_rows(Array, 0)
#8 E:\xampp\htdocs\mamastylist\wp-admin\includes\class-wp-list-table.php(1662): WP_Posts_List_Table->display_rows()
#9 E:\xampp\htdocs\mamastylist\wp-admin\includes\class-wp-list-table.php(1589): WP_List_Table->display_rows_or_placeholder()
#10 E:\xampp\htdocs\mamastylist\wp-admin\edit.php(495): WP_List_Table->display()
#11 {main}
  thrown: E:\xampp\htdocs\mamastylist\wp-content\themes\mamstylist\functions.php の行618

2023-11-16T10:02:40+00:00 CRITICAL Uncaught Error: Call to a member function get_price() on bool in E:\xampp\htdocs\mamastylist\wp-content\themes\mamstylist\functions.php:618
Stack trace:
#0 E:\xampp\htdocs\mamastylist\wp-includes\class-wp-hook.php(310): populate_set_column('set_price', 469)
#1 E:\xampp\htdocs\mamastylist\wp-includes\class-wp-hook.php(334): WP_Hook->apply_filters('', Array)
#2 E:\xampp\htdocs\mamastylist\wp-includes\plugin.php(517): WP_Hook->do_action(Array)
#3 E:\xampp\htdocs\mamastylist\wp-admin\includes\class-wp-posts-list-table.php(1387): do_action('manage_product_...', 'set_price', 469)
#4 E:\xampp\htdocs\mamastylist\wp-admin\includes\class-wp-list-table.php(1752): WP_Posts_List_Table->column_default(Object(WP_Post), 'set_price')
#5 E:\xampp\htdocs\mamastylist\wp-admin\includes\class-wp-posts-list-table.php(1421): WP_List_Table->single_row_columns(Object(WP_Post))
#6 E:\xampp\htdocs\mamastylist\wp-admin\includes\class-wp-posts-list-table.php(829): WP_Posts_List_Table->single_row(Object(WP_Post), 0)
#7 E:\xampp\htdocs\mamastylist\wp-admin\includes\class-wp-posts-list-table.php(805): WP_Posts_List_Table->_display_rows(Array, 0)
#8 E:\xampp\htdocs\mamastylist\wp-admin\includes\class-wp-list-table.php(1662): WP_Posts_List_Table->display_rows()
#9 E:\xampp\htdocs\mamastylist\wp-admin\includes\class-wp-list-table.php(1589): WP_List_Table->display_rows_or_placeholder()
#10 E:\xampp\htdocs\mamastylist\wp-admin\edit.php(495): WP_List_Table->display()
#11 {main}
  thrown: E:\xampp\htdocs\mamastylist\wp-content\themes\mamstylist\functions.php の行618

2023-11-16T10:03:19+00:00 CRITICAL Uncaught Error: Call to a member function get_price() on bool in E:\xampp\htdocs\mamastylist\wp-content\themes\mamstylist\functions.php:618
Stack trace:
#0 E:\xampp\htdocs\mamastylist\wp-includes\class-wp-hook.php(310): populate_set_column('set_price', 469)
#1 E:\xampp\htdocs\mamastylist\wp-includes\class-wp-hook.php(334): WP_Hook->apply_filters('', Array)
#2 E:\xampp\htdocs\mamastylist\wp-includes\plugin.php(517): WP_Hook->do_action(Array)
#3 E:\xampp\htdocs\mamastylist\wp-admin\includes\class-wp-posts-list-table.php(1387): do_action('manage_product_...', 'set_price', 469)
#4 E:\xampp\htdocs\mamastylist\wp-admin\includes\class-wp-list-table.php(1752): WP_Posts_List_Table->column_default(Object(WP_Post), 'set_price')
#5 E:\xampp\htdocs\mamastylist\wp-admin\includes\class-wp-posts-list-table.php(1421): WP_List_Table->single_row_columns(Object(WP_Post))
#6 E:\xampp\htdocs\mamastylist\wp-admin\includes\class-wp-posts-list-table.php(829): WP_Posts_List_Table->single_row(Object(WP_Post), 0)
#7 E:\xampp\htdocs\mamastylist\wp-admin\includes\class-wp-posts-list-table.php(805): WP_Posts_List_Table->_display_rows(Array, 0)
#8 E:\xampp\htdocs\mamastylist\wp-admin\includes\class-wp-list-table.php(1662): WP_Posts_List_Table->display_rows()
#9 E:\xampp\htdocs\mamastylist\wp-admin\includes\class-wp-list-table.php(1589): WP_List_Table->display_rows_or_placeholder()
#10 E:\xampp\htdocs\mamastylist\wp-admin\edit.php(495): WP_List_Table->display()
#11 {main}
  thrown: E:\xampp\htdocs\mamastylist\wp-content\themes\mamstylist\functions.php の行618

2023-11-16T10:03:31+00:00 CRITICAL Uncaught Error: Call to a member function get_price() on bool in E:\xampp\htdocs\mamastylist\wp-content\themes\mamstylist\functions.php:618
Stack trace:
#0 E:\xampp\htdocs\mamastylist\wp-includes\class-wp-hook.php(310): populate_set_column('set_price', 469)
#1 E:\xampp\htdocs\mamastylist\wp-includes\class-wp-hook.php(334): WP_Hook->apply_filters('', Array)
#2 E:\xampp\htdocs\mamastylist\wp-includes\plugin.php(517): WP_Hook->do_action(Array)
#3 E:\xampp\htdocs\mamastylist\wp-admin\includes\class-wp-posts-list-table.php(1387): do_action('manage_product_...', 'set_price', 469)
#4 E:\xampp\htdocs\mamastylist\wp-admin\includes\class-wp-list-table.php(1752): WP_Posts_List_Table->column_default(Object(WP_Post), 'set_price')
#5 E:\xampp\htdocs\mamastylist\wp-admin\includes\class-wp-posts-list-table.php(1421): WP_List_Table->single_row_columns(Object(WP_Post))
#6 E:\xampp\htdocs\mamastylist\wp-admin\includes\class-wp-posts-list-table.php(829): WP_Posts_List_Table->single_row(Object(WP_Post), 0)
#7 E:\xampp\htdocs\mamastylist\wp-admin\includes\class-wp-posts-list-table.php(805): WP_Posts_List_Table->_display_rows(Array, 0)
#8 E:\xampp\htdocs\mamastylist\wp-admin\includes\class-wp-list-table.php(1662): WP_Posts_List_Table->display_rows()
#9 E:\xampp\htdocs\mamastylist\wp-admin\includes\class-wp-list-table.php(1589): WP_List_Table->display_rows_or_placeholder()
#10 E:\xampp\htdocs\mamastylist\wp-admin\edit.php(495): WP_List_Table->display()
#11 {main}
  thrown: E:\xampp\htdocs\mamastylist\wp-content\themes\mamstylist\functions.php の行618

2023-11-16T10:04:00+00:00 CRITICAL Uncaught Error: Call to a member function get_price() on bool in E:\xampp\htdocs\mamastylist\wp-content\themes\mamstylist\functions.php:618
Stack trace:
#0 E:\xampp\htdocs\mamastylist\wp-includes\class-wp-hook.php(310): populate_set_column('set_price', 469)
#1 E:\xampp\htdocs\mamastylist\wp-includes\class-wp-hook.php(334): WP_Hook->apply_filters('', Array)
#2 E:\xampp\htdocs\mamastylist\wp-includes\plugin.php(517): WP_Hook->do_action(Array)
#3 E:\xampp\htdocs\mamastylist\wp-admin\includes\class-wp-posts-list-table.php(1387): do_action('manage_product_...', 'set_price', 469)
#4 E:\xampp\htdocs\mamastylist\wp-admin\includes\class-wp-list-table.php(1752): WP_Posts_List_Table->column_default(Object(WP_Post), 'set_price')
#5 E:\xampp\htdocs\mamastylist\wp-admin\includes\class-wp-posts-list-table.php(1421): WP_List_Table->single_row_columns(Object(WP_Post))
#6 E:\xampp\htdocs\mamastylist\wp-admin\includes\class-wp-posts-list-table.php(829): WP_Posts_List_Table->single_row(Object(WP_Post), 0)
#7 E:\xampp\htdocs\mamastylist\wp-admin\includes\class-wp-posts-list-table.php(805): WP_Posts_List_Table->_display_rows(Array, 0)
#8 E:\xampp\htdocs\mamastylist\wp-admin\includes\class-wp-list-table.php(1662): WP_Posts_List_Table->display_rows()
#9 E:\xampp\htdocs\mamastylist\wp-admin\includes\class-wp-list-table.php(1589): WP_List_Table->display_rows_or_placeholder()
#10 E:\xampp\htdocs\mamastylist\wp-admin\edit.php(495): WP_List_Table->display()
#11 {main}
  thrown: E:\xampp\htdocs\mamastylist\wp-content\themes\mamstylist\functions.php の行618

2023-11-16T10:05:51+00:00 CRITICAL syntax error, unexpected token "if": E:\xampp\htdocs\mamastylist\wp-content\themes\mamstylist\functions.php の行619

2023-11-16T10:05:52+00:00 CRITICAL syntax error, unexpected token "if": E:\xampp\htdocs\mamastylist\wp-content\themes\mamstylist\functions.php の行619

2023-11-16T10:06:20+00:00 CRITICAL syntax error, unexpected token "if": E:\xampp\htdocs\mamastylist\wp-content\themes\mamstylist\functions.php の行619

2023-11-16T10:06:42+00:00 CRITICAL syntax error, unexpected token "if": E:\xampp\htdocs\mamastylist\wp-content\themes\mamstylist\functions.php の行619

2023-11-16T10:06:50+00:00 CRITICAL syntax error, unexpected token "if": E:\xampp\htdocs\mamastylist\wp-content\themes\mamstylist\functions.php の行619

2023-11-16T10:07:52+00:00 CRITICAL syntax error, unexpected token "if": E:\xampp\htdocs\mamastylist\wp-content\themes\mamstylist\functions.php の行619

2023-11-16T10:08:06+00:00 CRITICAL syntax error, unexpected token "if": E:\xampp\htdocs\mamastylist\wp-content\themes\mamstylist\functions.php の行619

2023-11-16T10:08:15+00:00 CRITICAL syntax error, unexpected token "if": E:\xampp\htdocs\mamastylist\wp-content\themes\mamstylist\functions.php の行619

2023-11-16T10:08:49+00:00 CRITICAL Uncaught Error: Call to a member function get_price() on bool in E:\xampp\htdocs\mamastylist\wp-content\themes\mamstylist\functions.php:618
Stack trace:
#0 E:\xampp\htdocs\mamastylist\wp-includes\class-wp-hook.php(310): populate_set_column('set_price', 469)
#1 E:\xampp\htdocs\mamastylist\wp-includes\class-wp-hook.php(334): WP_Hook->apply_filters('', Array)
#2 E:\xampp\htdocs\mamastylist\wp-includes\plugin.php(517): WP_Hook->do_action(Array)
#3 E:\xampp\htdocs\mamastylist\wp-admin\includes\class-wp-posts-list-table.php(1387): do_action('manage_product_...', 'set_price', 469)
#4 E:\xampp\htdocs\mamastylist\wp-admin\includes\class-wp-list-table.php(1752): WP_Posts_List_Table->column_default(Object(WP_Post), 'set_price')
#5 E:\xampp\htdocs\mamastylist\wp-admin\includes\class-wp-posts-list-table.php(1421): WP_List_Table->single_row_columns(Object(WP_Post))
#6 E:\xampp\htdocs\mamastylist\wp-admin\includes\class-wp-posts-list-table.php(829): WP_Posts_List_Table->single_row(Object(WP_Post), 0)
#7 E:\xampp\htdocs\mamastylist\wp-admin\includes\class-wp-posts-list-table.php(805): WP_Posts_List_Table->_display_rows(Array, 0)
#8 E:\xampp\htdocs\mamastylist\wp-admin\includes\class-wp-list-table.php(1662): WP_Posts_List_Table->display_rows()
#9 E:\xampp\htdocs\mamastylist\wp-admin\includes\class-wp-list-table.php(1589): WP_List_Table->display_rows_or_placeholder()
#10 E:\xampp\htdocs\mamastylist\wp-admin\edit.php(495): WP_List_Table->display()
#11 {main}
  thrown: E:\xampp\htdocs\mamastylist\wp-content\themes\mamstylist\functions.php の行618

2023-11-16T10:09:00+00:00 CRITICAL Uncaught Error: Call to a member function get_price() on bool in E:\xampp\htdocs\mamastylist\wp-content\themes\mamstylist\functions.php:618
Stack trace:
#0 E:\xampp\htdocs\mamastylist\wp-includes\class-wp-hook.php(310): populate_set_column('set_price', 469)
#1 E:\xampp\htdocs\mamastylist\wp-includes\class-wp-hook.php(334): WP_Hook->apply_filters('', Array)
#2 E:\xampp\htdocs\mamastylist\wp-includes\plugin.php(517): WP_Hook->do_action(Array)
#3 E:\xampp\htdocs\mamastylist\wp-admin\includes\class-wp-posts-list-table.php(1387): do_action('manage_product_...', 'set_price', 469)
#4 E:\xampp\htdocs\mamastylist\wp-admin\includes\class-wp-list-table.php(1752): WP_Posts_List_Table->column_default(Object(WP_Post), 'set_price')
#5 E:\xampp\htdocs\mamastylist\wp-admin\includes\class-wp-posts-list-table.php(1421): WP_List_Table->single_row_columns(Object(WP_Post))
#6 E:\xampp\htdocs\mamastylist\wp-admin\includes\class-wp-posts-list-table.php(829): WP_Posts_List_Table->single_row(Object(WP_Post), 0)
#7 E:\xampp\htdocs\mamastylist\wp-admin\includes\class-wp-posts-list-table.php(805): WP_Posts_List_Table->_display_rows(Array, 0)
#8 E:\xampp\htdocs\mamastylist\wp-admin\includes\class-wp-list-table.php(1662): WP_Posts_List_Table->display_rows()
#9 E:\xampp\htdocs\mamastylist\wp-admin\includes\class-wp-list-table.php(1589): WP_List_Table->display_rows_or_placeholder()
#10 E:\xampp\htdocs\mamastylist\wp-admin\edit.php(495): WP_List_Table->display()
#11 {main}
  thrown: E:\xampp\htdocs\mamastylist\wp-content\themes\mamstylist\functions.php の行618

2023-11-16T10:09:01+00:00 CRITICAL Uncaught Error: Call to a member function get_price() on bool in E:\xampp\htdocs\mamastylist\wp-content\themes\mamstylist\functions.php:618
Stack trace:
#0 E:\xampp\htdocs\mamastylist\wp-includes\class-wp-hook.php(310): populate_set_column('set_price', 469)
#1 E:\xampp\htdocs\mamastylist\wp-includes\class-wp-hook.php(334): WP_Hook->apply_filters('', Array)
#2 E:\xampp\htdocs\mamastylist\wp-includes\plugin.php(517): WP_Hook->do_action(Array)
#3 E:\xampp\htdocs\mamastylist\wp-admin\includes\class-wp-posts-list-table.php(1387): do_action('manage_product_...', 'set_price', 469)
#4 E:\xampp\htdocs\mamastylist\wp-admin\includes\class-wp-list-table.php(1752): WP_Posts_List_Table->column_default(Object(WP_Post), 'set_price')
#5 E:\xampp\htdocs\mamastylist\wp-admin\includes\class-wp-posts-list-table.php(1421): WP_List_Table->single_row_columns(Object(WP_Post))
#6 E:\xampp\htdocs\mamastylist\wp-admin\includes\class-wp-posts-list-table.php(829): WP_Posts_List_Table->single_row(Object(WP_Post), 0)
#7 E:\xampp\htdocs\mamastylist\wp-admin\includes\class-wp-posts-list-table.php(805): WP_Posts_List_Table->_display_rows(Array, 0)
#8 E:\xampp\htdocs\mamastylist\wp-admin\includes\class-wp-list-table.php(1662): WP_Posts_List_Table->display_rows()
#9 E:\xampp\htdocs\mamastylist\wp-admin\includes\class-wp-list-table.php(1589): WP_List_Table->display_rows_or_placeholder()
#10 E:\xampp\htdocs\mamastylist\wp-admin\edit.php(495): WP_List_Table->display()
#11 {main}
  thrown: E:\xampp\htdocs\mamastylist\wp-content\themes\mamstylist\functions.php の行618

2023-11-16T10:09:23+00:00 CRITICAL Uncaught Error: Call to a member function get_price() on bool in E:\xampp\htdocs\mamastylist\wp-content\themes\mamstylist\functions.php:618
Stack trace:
#0 E:\xampp\htdocs\mamastylist\wp-includes\class-wp-hook.php(310): populate_set_column('set_price', 469)
#1 E:\xampp\htdocs\mamastylist\wp-includes\class-wp-hook.php(334): WP_Hook->apply_filters('', Array)
#2 E:\xampp\htdocs\mamastylist\wp-includes\plugin.php(517): WP_Hook->do_action(Array)
#3 E:\xampp\htdocs\mamastylist\wp-admin\includes\class-wp-posts-list-table.php(1387): do_action('manage_product_...', 'set_price', 469)
#4 E:\xampp\htdocs\mamastylist\wp-admin\includes\class-wp-list-table.php(1752): WP_Posts_List_Table->column_default(Object(WP_Post), 'set_price')
#5 E:\xampp\htdocs\mamastylist\wp-admin\includes\class-wp-posts-list-table.php(1421): WP_List_Table->single_row_columns(Object(WP_Post))
#6 E:\xampp\htdocs\mamastylist\wp-admin\includes\class-wp-posts-list-table.php(829): WP_Posts_List_Table->single_row(Object(WP_Post), 0)
#7 E:\xampp\htdocs\mamastylist\wp-admin\includes\class-wp-posts-list-table.php(805): WP_Posts_List_Table->_display_rows(Array, 0)
#8 E:\xampp\htdocs\mamastylist\wp-admin\includes\class-wp-list-table.php(1662): WP_Posts_List_Table->display_rows()
#9 E:\xampp\htdocs\mamastylist\wp-admin\includes\class-wp-list-table.php(1589): WP_List_Table->display_rows_or_placeholder()
#10 E:\xampp\htdocs\mamastylist\wp-admin\edit.php(495): WP_List_Table->display()
#11 {main}
  thrown: E:\xampp\htdocs\mamastylist\wp-content\themes\mamstylist\functions.php の行618

2023-11-16T10:09:35+00:00 CRITICAL Uncaught Error: Call to a member function get_price() on bool in E:\xampp\htdocs\mamastylist\wp-content\themes\mamstylist\functions.php:618
Stack trace:
#0 E:\xampp\htdocs\mamastylist\wp-includes\class-wp-hook.php(310): populate_set_column('set_price', 469)
#1 E:\xampp\htdocs\mamastylist\wp-includes\class-wp-hook.php(334): WP_Hook->apply_filters('', Array)
#2 E:\xampp\htdocs\mamastylist\wp-includes\plugin.php(517): WP_Hook->do_action(Array)
#3 E:\xampp\htdocs\mamastylist\wp-admin\includes\class-wp-posts-list-table.php(1387): do_action('manage_product_...', 'set_price', 469)
#4 E:\xampp\htdocs\mamastylist\wp-admin\includes\class-wp-list-table.php(1752): WP_Posts_List_Table->column_default(Object(WP_Post), 'set_price')
#5 E:\xampp\htdocs\mamastylist\wp-admin\includes\class-wp-posts-list-table.php(1421): WP_List_Table->single_row_columns(Object(WP_Post))
#6 E:\xampp\htdocs\mamastylist\wp-admin\includes\class-wp-posts-list-table.php(829): WP_Posts_List_Table->single_row(Object(WP_Post), 0)
#7 E:\xampp\htdocs\mamastylist\wp-admin\includes\class-wp-posts-list-table.php(805): WP_Posts_List_Table->_display_rows(Array, 0)
#8 E:\xampp\htdocs\mamastylist\wp-admin\includes\class-wp-list-table.php(1662): WP_Posts_List_Table->display_rows()
#9 E:\xampp\htdocs\mamastylist\wp-admin\includes\class-wp-list-table.php(1589): WP_List_Table->display_rows_or_placeholder()
#10 E:\xampp\htdocs\mamastylist\wp-admin\edit.php(495): WP_List_Table->display()
#11 {main}
  thrown: E:\xampp\htdocs\mamastylist\wp-content\themes\mamstylist\functions.php の行618

2023-11-16T10:09:48+00:00 CRITICAL Uncaught Error: Call to a member function get_price() on bool in E:\xampp\htdocs\mamastylist\wp-content\themes\mamstylist\functions.php:618
Stack trace:
#0 E:\xampp\htdocs\mamastylist\wp-includes\class-wp-hook.php(310): populate_set_column('set_price', 469)
#1 E:\xampp\htdocs\mamastylist\wp-includes\class-wp-hook.php(334): WP_Hook->apply_filters('', Array)
#2 E:\xampp\htdocs\mamastylist\wp-includes\plugin.php(517): WP_Hook->do_action(Array)
#3 E:\xampp\htdocs\mamastylist\wp-admin\includes\class-wp-posts-list-table.php(1387): do_action('manage_product_...', 'set_price', 469)
#4 E:\xampp\htdocs\mamastylist\wp-admin\includes\class-wp-list-table.php(1752): WP_Posts_List_Table->column_default(Object(WP_Post), 'set_price')
#5 E:\xampp\htdocs\mamastylist\wp-admin\includes\class-wp-posts-list-table.php(1421): WP_List_Table->single_row_columns(Object(WP_Post))
#6 E:\xampp\htdocs\mamastylist\wp-admin\includes\class-wp-posts-list-table.php(829): WP_Posts_List_Table->single_row(Object(WP_Post), 0)
#7 E:\xampp\htdocs\mamastylist\wp-admin\includes\class-wp-posts-list-table.php(805): WP_Posts_List_Table->_display_rows(Array, 0)
#8 E:\xampp\htdocs\mamastylist\wp-admin\includes\class-wp-list-table.php(1662): WP_Posts_List_Table->display_rows()
#9 E:\xampp\htdocs\mamastylist\wp-admin\includes\class-wp-list-table.php(1589): WP_List_Table->display_rows_or_placeholder()
#10 E:\xampp\htdocs\mamastylist\wp-admin\edit.php(495): WP_List_Table->display()
#11 {main}
  thrown: E:\xampp\htdocs\mamastylist\wp-content\themes\mamstylist\functions.php の行618

2023-11-16T10:10:01+00:00 CRITICAL Uncaught Error: Call to a member function get_price() on bool in E:\xampp\htdocs\mamastylist\wp-content\themes\mamstylist\functions.php:618
Stack trace:
#0 E:\xampp\htdocs\mamastylist\wp-includes\class-wp-hook.php(310): populate_set_column('set_price', 469)
#1 E:\xampp\htdocs\mamastylist\wp-includes\class-wp-hook.php(334): WP_Hook->apply_filters('', Array)
#2 E:\xampp\htdocs\mamastylist\wp-includes\plugin.php(517): WP_Hook->do_action(Array)
#3 E:\xampp\htdocs\mamastylist\wp-admin\includes\class-wp-posts-list-table.php(1387): do_action('manage_product_...', 'set_price', 469)
#4 E:\xampp\htdocs\mamastylist\wp-admin\includes\class-wp-list-table.php(1752): WP_Posts_List_Table->column_default(Object(WP_Post), 'set_price')
#5 E:\xampp\htdocs\mamastylist\wp-admin\includes\class-wp-posts-list-table.php(1421): WP_List_Table->single_row_columns(Object(WP_Post))
#6 E:\xampp\htdocs\mamastylist\wp-admin\includes\class-wp-posts-list-table.php(829): WP_Posts_List_Table->single_row(Object(WP_Post), 0)
#7 E:\xampp\htdocs\mamastylist\wp-admin\includes\class-wp-posts-list-table.php(805): WP_Posts_List_Table->_display_rows(Array, 0)
#8 E:\xampp\htdocs\mamastylist\wp-admin\includes\class-wp-list-table.php(1662): WP_Posts_List_Table->display_rows()
#9 E:\xampp\htdocs\mamastylist\wp-admin\includes\class-wp-list-table.php(1589): WP_List_Table->display_rows_or_placeholder()
#10 E:\xampp\htdocs\mamastylist\wp-admin\edit.php(495): WP_List_Table->display()
#11 {main}
  thrown: E:\xampp\htdocs\mamastylist\wp-content\themes\mamstylist\functions.php の行618

2023-11-16T10:10:10+00:00 CRITICAL Uncaught Error: Call to a member function get_price() on bool in E:\xampp\htdocs\mamastylist\wp-content\themes\mamstylist\functions.php:618
Stack trace:
#0 E:\xampp\htdocs\mamastylist\wp-includes\class-wp-hook.php(310): populate_set_column('set_price', 469)
#1 E:\xampp\htdocs\mamastylist\wp-includes\class-wp-hook.php(334): WP_Hook->apply_filters('', Array)
#2 E:\xampp\htdocs\mamastylist\wp-includes\plugin.php(517): WP_Hook->do_action(Array)
#3 E:\xampp\htdocs\mamastylist\wp-admin\includes\class-wp-posts-list-table.php(1387): do_action('manage_product_...', 'set_price', 469)
#4 E:\xampp\htdocs\mamastylist\wp-admin\includes\class-wp-list-table.php(1752): WP_Posts_List_Table->column_default(Object(WP_Post), 'set_price')
#5 E:\xampp\htdocs\mamastylist\wp-admin\includes\class-wp-posts-list-table.php(1421): WP_List_Table->single_row_columns(Object(WP_Post))
#6 E:\xampp\htdocs\mamastylist\wp-admin\includes\class-wp-posts-list-table.php(829): WP_Posts_List_Table->single_row(Object(WP_Post), 0)
#7 E:\xampp\htdocs\mamastylist\wp-admin\includes\class-wp-posts-list-table.php(805): WP_Posts_List_Table->_display_rows(Array, 0)
#8 E:\xampp\htdocs\mamastylist\wp-admin\includes\class-wp-list-table.php(1662): WP_Posts_List_Table->display_rows()
#9 E:\xampp\htdocs\mamastylist\wp-admin\includes\class-wp-list-table.php(1589): WP_List_Table->display_rows_or_placeholder()
#10 E:\xampp\htdocs\mamastylist\wp-admin\edit.php(495): WP_List_Table->display()
#11 {main}
  thrown: E:\xampp\htdocs\mamastylist\wp-content\themes\mamstylist\functions.php の行618

2023-11-16T10:11:25+00:00 CRITICAL Uncaught Error: Call to a member function get_price() on bool in E:\xampp\htdocs\mamastylist\wp-content\themes\mamstylist\functions.php:618
Stack trace:
#0 E:\xampp\htdocs\mamastylist\wp-includes\class-wp-hook.php(310): populate_set_column('set_price', 469)
#1 E:\xampp\htdocs\mamastylist\wp-includes\class-wp-hook.php(334): WP_Hook->apply_filters('', Array)
#2 E:\xampp\htdocs\mamastylist\wp-includes\plugin.php(517): WP_Hook->do_action(Array)
#3 E:\xampp\htdocs\mamastylist\wp-admin\includes\class-wp-posts-list-table.php(1387): do_action('manage_product_...', 'set_price', 469)
#4 E:\xampp\htdocs\mamastylist\wp-admin\includes\class-wp-list-table.php(1752): WP_Posts_List_Table->column_default(Object(WP_Post), 'set_price')
#5 E:\xampp\htdocs\mamastylist\wp-admin\includes\class-wp-posts-list-table.php(1421): WP_List_Table->single_row_columns(Object(WP_Post))
#6 E:\xampp\htdocs\mamastylist\wp-admin\includes\class-wp-posts-list-table.php(829): WP_Posts_List_Table->single_row(Object(WP_Post), 0)
#7 E:\xampp\htdocs\mamastylist\wp-admin\includes\class-wp-posts-list-table.php(805): WP_Posts_List_Table->_display_rows(Array, 0)
#8 E:\xampp\htdocs\mamastylist\wp-admin\includes\class-wp-list-table.php(1662): WP_Posts_List_Table->display_rows()
#9 E:\xampp\htdocs\mamastylist\wp-admin\includes\class-wp-list-table.php(1589): WP_List_Table->display_rows_or_placeholder()
#10 E:\xampp\htdocs\mamastylist\wp-admin\edit.php(495): WP_List_Table->display()
#11 {main}
  thrown: E:\xampp\htdocs\mamastylist\wp-content\themes\mamstylist\functions.php の行618

2023-11-16T10:11:42+00:00 CRITICAL Uncaught Error: Call to a member function get_price() on bool in E:\xampp\htdocs\mamastylist\wp-content\themes\mamstylist\functions.php:618
Stack trace:
#0 E:\xampp\htdocs\mamastylist\wp-includes\class-wp-hook.php(310): populate_set_column('set_price', 469)
#1 E:\xampp\htdocs\mamastylist\wp-includes\class-wp-hook.php(334): WP_Hook->apply_filters('', Array)
#2 E:\xampp\htdocs\mamastylist\wp-includes\plugin.php(517): WP_Hook->do_action(Array)
#3 E:\xampp\htdocs\mamastylist\wp-admin\includes\class-wp-posts-list-table.php(1387): do_action('manage_product_...', 'set_price', 469)
#4 E:\xampp\htdocs\mamastylist\wp-admin\includes\class-wp-list-table.php(1752): WP_Posts_List_Table->column_default(Object(WP_Post), 'set_price')
#5 E:\xampp\htdocs\mamastylist\wp-admin\includes\class-wp-posts-list-table.php(1421): WP_List_Table->single_row_columns(Object(WP_Post))
#6 E:\xampp\htdocs\mamastylist\wp-admin\includes\class-wp-posts-list-table.php(829): WP_Posts_List_Table->single_row(Object(WP_Post), 0)
#7 E:\xampp\htdocs\mamastylist\wp-admin\includes\class-wp-posts-list-table.php(805): WP_Posts_List_Table->_display_rows(Array, 0)
#8 E:\xampp\htdocs\mamastylist\wp-admin\includes\class-wp-list-table.php(1662): WP_Posts_List_Table->display_rows()
#9 E:\xampp\htdocs\mamastylist\wp-admin\includes\class-wp-list-table.php(1589): WP_List_Table->display_rows_or_placeholder()
#10 E:\xampp\htdocs\mamastylist\wp-admin\edit.php(495): WP_List_Table->display()
#11 {main}
  thrown: E:\xampp\htdocs\mamastylist\wp-content\themes\mamstylist\functions.php の行618

2023-11-16T10:14:16+00:00 CRITICAL Uncaught Error: Call to a member function get_price() on bool in E:\xampp\htdocs\mamastylist\wp-content\themes\mamstylist\functions.php:621
Stack trace:
#0 E:\xampp\htdocs\mamastylist\wp-includes\class-wp-hook.php(310): populate_set_column('set_price', 469)
#1 E:\xampp\htdocs\mamastylist\wp-includes\class-wp-hook.php(334): WP_Hook->apply_filters('', Array)
#2 E:\xampp\htdocs\mamastylist\wp-includes\plugin.php(517): WP_Hook->do_action(Array)
#3 E:\xampp\htdocs\mamastylist\wp-admin\includes\class-wp-posts-list-table.php(1387): do_action('manage_product_...', 'set_price', 469)
#4 E:\xampp\htdocs\mamastylist\wp-admin\includes\class-wp-list-table.php(1752): WP_Posts_List_Table->column_default(Object(WP_Post), 'set_price')
#5 E:\xampp\htdocs\mamastylist\wp-admin\includes\class-wp-posts-list-table.php(1421): WP_List_Table->single_row_columns(Object(WP_Post))
#6 E:\xampp\htdocs\mamastylist\wp-admin\includes\class-wp-posts-list-table.php(829): WP_Posts_List_Table->single_row(Object(WP_Post), 0)
#7 E:\xampp\htdocs\mamastylist\wp-admin\includes\class-wp-posts-list-table.php(805): WP_Posts_List_Table->_display_rows(Array, 0)
#8 E:\xampp\htdocs\mamastylist\wp-admin\includes\class-wp-list-table.php(1662): WP_Posts_List_Table->display_rows()
#9 E:\xampp\htdocs\mamastylist\wp-admin\includes\class-wp-list-table.php(1589): WP_List_Table->display_rows_or_placeholder()
#10 E:\xampp\htdocs\mamastylist\wp-admin\edit.php(495): WP_List_Table->display()
#11 {main}
  thrown: E:\xampp\htdocs\mamastylist\wp-content\themes\mamstylist\functions.php の行621

