2023-10-06T00:39:57+00:00 CRITICAL Uncaught Error: Call to a member function get_price() on bool in /home/mmsty/www/www.mamastylist.com/wp-content/themes/mamstylist/single-product.php:84
Stack trace:
#0 /home/mmsty/www/www.mamastylist.com/wp-includes/template-loader.php(106): include()
#1 /home/mmsty/www/www.mamastylist.com/wp-blog-header.php(19): require_once('...')
#2 /home/mmsty/www/www.mamastylist.com/index.php(17): require('...')
#3 {main}
  thrown: /home/mmsty/www/www.mamastylist.com/wp-content/themes/mamstylist/single-product.php の行84

2023-10-06T00:40:25+00:00 CRITICAL Uncaught Error: Call to a member function get_price() on bool in /home/mmsty/www/www.mamastylist.com/wp-content/themes/mamstylist/single-product.php:256
Stack trace:
#0 /home/mmsty/www/www.mamastylist.com/wp-includes/template-loader.php(106): include()
#1 /home/mmsty/www/www.mamastylist.com/wp-blog-header.php(19): require_once('...')
#2 /home/mmsty/www/www.mamastylist.com/index.php(17): require('...')
#3 {main}
  thrown: /home/mmsty/www/www.mamastylist.com/wp-content/themes/mamstylist/single-product.php の行256

2023-10-06T00:40:27+00:00 CRITICAL Uncaught Error: Call to a member function get_price() on bool in /home/mmsty/www/www.mamastylist.com/wp-content/themes/mamstylist/product-list.php:301
Stack trace:
#0 /home/mmsty/www/www.mamastylist.com/wp-includes/template-loader.php(106): include()
#1 /home/mmsty/www/www.mamastylist.com/wp-blog-header.php(19): require_once('...')
#2 /home/mmsty/www/www.mamastylist.com/index.php(17): require('...')
#3 {main}
  thrown: /home/mmsty/www/www.mamastylist.com/wp-content/themes/mamstylist/product-list.php の行301

2023-10-06T00:40:29+00:00 CRITICAL Uncaught Error: Call to a member function get_price() on bool in /home/mmsty/www/www.mamastylist.com/wp-content/themes/mamstylist/front-page.php:484
Stack trace:
#0 /home/mmsty/www/www.mamastylist.com/wp-includes/template-loader.php(106): include()
#1 /home/mmsty/www/www.mamastylist.com/wp-blog-header.php(19): require_once('...')
#2 /home/mmsty/www/www.mamastylist.com/index.php(17): require('...')
#3 {main}
  thrown: /home/mmsty/www/www.mamastylist.com/wp-content/themes/mamstylist/front-page.php の行484

2023-10-06T00:40:33+00:00 CRITICAL Uncaught Error: Call to a member function get_price() on bool in /home/mmsty/www/www.mamastylist.com/wp-content/themes/mamstylist/product-list.php:301
Stack trace:
#0 /home/mmsty/www/www.mamastylist.com/wp-includes/template-loader.php(106): include()
#1 /home/mmsty/www/www.mamastylist.com/wp-blog-header.php(19): require_once('...')
#2 /home/mmsty/www/www.mamastylist.com/index.php(17): require('...')
#3 {main}
  thrown: /home/mmsty/www/www.mamastylist.com/wp-content/themes/mamstylist/product-list.php の行301

2023-10-06T00:40:35+00:00 CRITICAL Uncaught Error: Call to a member function get_price() on bool in /home/mmsty/www/www.mamastylist.com/wp-content/themes/mamstylist/single-product.php:84
Stack trace:
#0 /home/mmsty/www/www.mamastylist.com/wp-includes/template-loader.php(106): include()
#1 /home/mmsty/www/www.mamastylist.com/wp-blog-header.php(19): require_once('...')
#2 /home/mmsty/www/www.mamastylist.com/index.php(17): require('...')
#3 {main}
  thrown: /home/mmsty/www/www.mamastylist.com/wp-content/themes/mamstylist/single-product.php の行84

2023-10-06T00:40:38+00:00 CRITICAL Uncaught Error: Call to a member function get_price() on bool in /home/mmsty/www/www.mamastylist.com/wp-content/themes/mamstylist/product-list.php:301
Stack trace:
#0 /home/mmsty/www/www.mamastylist.com/wp-includes/template-loader.php(106): include()
#1 /home/mmsty/www/www.mamastylist.com/wp-blog-header.php(19): require_once('...')
#2 /home/mmsty/www/www.mamastylist.com/index.php(17): require('...')
#3 {main}
  thrown: /home/mmsty/www/www.mamastylist.com/wp-content/themes/mamstylist/product-list.php の行301

2023-10-06T00:40:48+00:00 CRITICAL Uncaught Error: Call to a member function get_price() on bool in /home/mmsty/www/www.mamastylist.com/wp-content/themes/mamstylist/single-product.php:84
Stack trace:
#0 /home/mmsty/www/www.mamastylist.com/wp-includes/template-loader.php(106): include()
#1 /home/mmsty/www/www.mamastylist.com/wp-blog-header.php(19): require_once('...')
#2 /home/mmsty/www/www.mamastylist.com/index.php(17): require('...')
#3 {main}
  thrown: /home/mmsty/www/www.mamastylist.com/wp-content/themes/mamstylist/single-product.php の行84

2023-10-06T00:41:53+00:00 CRITICAL Uncaught Error: Call to a member function get_price() on bool in /home/mmsty/www/www.mamastylist.com/wp-content/themes/mamstylist/product-list.php:301
Stack trace:
#0 /home/mmsty/www/www.mamastylist.com/wp-includes/template-loader.php(106): include()
#1 /home/mmsty/www/www.mamastylist.com/wp-blog-header.php(19): require_once('...')
#2 /home/mmsty/www/www.mamastylist.com/index.php(17): require('...')
#3 {main}
  thrown: /home/mmsty/www/www.mamastylist.com/wp-content/themes/mamstylist/product-list.php の行301

2023-10-06T00:42:07+00:00 CRITICAL Uncaught Error: Call to a member function get_price() on bool in /home/mmsty/www/www.mamastylist.com/wp-content/themes/mamstylist/front-page.php:484
Stack trace:
#0 /home/mmsty/www/www.mamastylist.com/wp-includes/template-loader.php(106): include()
#1 /home/mmsty/www/www.mamastylist.com/wp-blog-header.php(19): require_once('...')
#2 /home/mmsty/www/www.mamastylist.com/index.php(17): require('...')
#3 {main}
  thrown: /home/mmsty/www/www.mamastylist.com/wp-content/themes/mamstylist/front-page.php の行484

2023-10-06T00:42:18+00:00 CRITICAL Uncaught Error: Call to a member function get_price() on bool in /home/mmsty/www/www.mamastylist.com/wp-content/themes/mamstylist/front-page.php:484
Stack trace:
#0 /home/mmsty/www/www.mamastylist.com/wp-includes/template-loader.php(106): include()
#1 /home/mmsty/www/www.mamastylist.com/wp-blog-header.php(19): require_once('...')
#2 /home/mmsty/www/www.mamastylist.com/index.php(17): require('...')
#3 {main}
  thrown: /home/mmsty/www/www.mamastylist.com/wp-content/themes/mamstylist/front-page.php の行484

2023-10-06T00:42:22+00:00 CRITICAL Uncaught Error: Call to a member function get_price() on bool in /home/mmsty/www/www.mamastylist.com/wp-content/themes/mamstylist/product-list.php:301
Stack trace:
#0 /home/mmsty/www/www.mamastylist.com/wp-includes/template-loader.php(106): include()
#1 /home/mmsty/www/www.mamastylist.com/wp-blog-header.php(19): require_once('...')
#2 /home/mmsty/www/www.mamastylist.com/index.php(17): require('...')
#3 {main}
  thrown: /home/mmsty/www/www.mamastylist.com/wp-content/themes/mamstylist/product-list.php の行301

2023-10-06T00:42:24+00:00 CRITICAL Uncaught Error: Call to a member function get_price() on bool in /home/mmsty/www/www.mamastylist.com/wp-content/themes/mamstylist/single-product.php:84
Stack trace:
#0 /home/mmsty/www/www.mamastylist.com/wp-includes/template-loader.php(106): include()
#1 /home/mmsty/www/www.mamastylist.com/wp-blog-header.php(19): require_once('...')
#2 /home/mmsty/www/www.mamastylist.com/index.php(17): require('...')
#3 {main}
  thrown: /home/mmsty/www/www.mamastylist.com/wp-content/themes/mamstylist/single-product.php の行84

2023-10-06T00:42:31+00:00 CRITICAL Uncaught Error: Call to a member function get_price() on bool in /home/mmsty/www/www.mamastylist.com/wp-content/themes/mamstylist/product-list.php:301
Stack trace:
#0 /home/mmsty/www/www.mamastylist.com/wp-includes/template-loader.php(106): include()
#1 /home/mmsty/www/www.mamastylist.com/wp-blog-header.php(19): require_once('...')
#2 /home/mmsty/www/www.mamastylist.com/index.php(17): require('...')
#3 {main}
  thrown: /home/mmsty/www/www.mamastylist.com/wp-content/themes/mamstylist/product-list.php の行301

2023-10-06T00:42:33+00:00 CRITICAL Uncaught Error: Call to a member function get_price() on bool in /home/mmsty/www/www.mamastylist.com/wp-content/themes/mamstylist/single-product.php:256
Stack trace:
#0 /home/mmsty/www/www.mamastylist.com/wp-includes/template-loader.php(106): include()
#1 /home/mmsty/www/www.mamastylist.com/wp-blog-header.php(19): require_once('...')
#2 /home/mmsty/www/www.mamastylist.com/index.php(17): require('...')
#3 {main}
  thrown: /home/mmsty/www/www.mamastylist.com/wp-content/themes/mamstylist/single-product.php の行256

2023-10-06T00:43:18+00:00 CRITICAL Uncaught Error: Call to a member function get_price() on bool in /home/mmsty/www/www.mamastylist.com/wp-content/themes/mamstylist/single-product.php:256
Stack trace:
#0 /home/mmsty/www/www.mamastylist.com/wp-includes/template-loader.php(106): include()
#1 /home/mmsty/www/www.mamastylist.com/wp-blog-header.php(19): require_once('...')
#2 /home/mmsty/www/www.mamastylist.com/index.php(17): require('...')
#3 {main}
  thrown: /home/mmsty/www/www.mamastylist.com/wp-content/themes/mamstylist/single-product.php の行256

2023-10-06T00:43:18+00:00 CRITICAL Uncaught Error: Call to a member function get_price() on bool in /home/mmsty/www/www.mamastylist.com/wp-content/themes/mamstylist/single-product.php:256
Stack trace:
#0 /home/mmsty/www/www.mamastylist.com/wp-includes/template-loader.php(106): include()
#1 /home/mmsty/www/www.mamastylist.com/wp-blog-header.php(19): require_once('...')
#2 /home/mmsty/www/www.mamastylist.com/index.php(17): require('...')
#3 {main}
  thrown: /home/mmsty/www/www.mamastylist.com/wp-content/themes/mamstylist/single-product.php の行256

2023-10-06T00:43:25+00:00 CRITICAL Uncaught Error: Call to a member function get_price() on bool in /home/mmsty/www/www.mamastylist.com/wp-content/themes/mamstylist/single-product.php:256
Stack trace:
#0 /home/mmsty/www/www.mamastylist.com/wp-includes/template-loader.php(106): include()
#1 /home/mmsty/www/www.mamastylist.com/wp-blog-header.php(19): require_once('...')
#2 /home/mmsty/www/www.mamastylist.com/index.php(17): require('...')
#3 {main}
  thrown: /home/mmsty/www/www.mamastylist.com/wp-content/themes/mamstylist/single-product.php の行256

2023-10-06T00:43:25+00:00 CRITICAL Uncaught Error: Call to a member function get_price() on bool in /home/mmsty/www/www.mamastylist.com/wp-content/themes/mamstylist/single-product.php:256
Stack trace:
#0 /home/mmsty/www/www.mamastylist.com/wp-includes/template-loader.php(106): include()
#1 /home/mmsty/www/www.mamastylist.com/wp-blog-header.php(19): require_once('...')
#2 /home/mmsty/www/www.mamastylist.com/index.php(17): require('...')
#3 {main}
  thrown: /home/mmsty/www/www.mamastylist.com/wp-content/themes/mamstylist/single-product.php の行256

2023-10-06T00:43:25+00:00 CRITICAL Uncaught Error: Call to a member function get_price() on bool in /home/mmsty/www/www.mamastylist.com/wp-content/themes/mamstylist/single-product.php:256
Stack trace:
#0 /home/mmsty/www/www.mamastylist.com/wp-includes/template-loader.php(106): include()
#1 /home/mmsty/www/www.mamastylist.com/wp-blog-header.php(19): require_once('...')
#2 /home/mmsty/www/www.mamastylist.com/index.php(17): require('...')
#3 {main}
  thrown: /home/mmsty/www/www.mamastylist.com/wp-content/themes/mamstylist/single-product.php の行256

2023-10-06T00:43:26+00:00 CRITICAL Uncaught Error: Call to a member function get_price() on bool in /home/mmsty/www/www.mamastylist.com/wp-content/themes/mamstylist/single-product.php:256
Stack trace:
#0 /home/mmsty/www/www.mamastylist.com/wp-includes/template-loader.php(106): include()
#1 /home/mmsty/www/www.mamastylist.com/wp-blog-header.php(19): require_once('...')
#2 /home/mmsty/www/www.mamastylist.com/index.php(17): require('...')
#3 {main}
  thrown: /home/mmsty/www/www.mamastylist.com/wp-content/themes/mamstylist/single-product.php の行256

2023-10-06T00:43:26+00:00 CRITICAL Uncaught Error: Call to a member function get_price() on bool in /home/mmsty/www/www.mamastylist.com/wp-content/themes/mamstylist/single-product.php:256
Stack trace:
#0 /home/mmsty/www/www.mamastylist.com/wp-includes/template-loader.php(106): include()
#1 /home/mmsty/www/www.mamastylist.com/wp-blog-header.php(19): require_once('...')
#2 /home/mmsty/www/www.mamastylist.com/index.php(17): require('...')
#3 {main}
  thrown: /home/mmsty/www/www.mamastylist.com/wp-content/themes/mamstylist/single-product.php の行256

2023-10-06T00:43:26+00:00 CRITICAL Uncaught Error: Call to a member function get_price() on bool in /home/mmsty/www/www.mamastylist.com/wp-content/themes/mamstylist/single-product.php:256
Stack trace:
#0 /home/mmsty/www/www.mamastylist.com/wp-includes/template-loader.php(106): include()
#1 /home/mmsty/www/www.mamastylist.com/wp-blog-header.php(19): require_once('...')
#2 /home/mmsty/www/www.mamastylist.com/index.php(17): require('...')
#3 {main}
  thrown: /home/mmsty/www/www.mamastylist.com/wp-content/themes/mamstylist/single-product.php の行256

2023-10-06T00:43:29+00:00 CRITICAL Uncaught Error: Call to a member function get_price() on bool in /home/mmsty/www/www.mamastylist.com/wp-content/themes/mamstylist/single-product.php:256
Stack trace:
#0 /home/mmsty/www/www.mamastylist.com/wp-includes/template-loader.php(106): include()
#1 /home/mmsty/www/www.mamastylist.com/wp-blog-header.php(19): require_once('...')
#2 /home/mmsty/www/www.mamastylist.com/index.php(17): require('...')
#3 {main}
  thrown: /home/mmsty/www/www.mamastylist.com/wp-content/themes/mamstylist/single-product.php の行256

2023-10-06T00:43:29+00:00 CRITICAL Uncaught Error: Call to a member function get_price() on bool in /home/mmsty/www/www.mamastylist.com/wp-content/themes/mamstylist/single-product.php:256
Stack trace:
#0 /home/mmsty/www/www.mamastylist.com/wp-includes/template-loader.php(106): include()
#1 /home/mmsty/www/www.mamastylist.com/wp-blog-header.php(19): require_once('...')
#2 /home/mmsty/www/www.mamastylist.com/index.php(17): require('...')
#3 {main}
  thrown: /home/mmsty/www/www.mamastylist.com/wp-content/themes/mamstylist/single-product.php の行256

2023-10-06T00:44:47+00:00 CRITICAL Uncaught Error: Call to a member function get_price() on bool in /home/mmsty/www/www.mamastylist.com/wp-content/themes/mamstylist/single-product.php:256
Stack trace:
#0 /home/mmsty/www/www.mamastylist.com/wp-includes/template-loader.php(106): include()
#1 /home/mmsty/www/www.mamastylist.com/wp-blog-header.php(19): require_once('...')
#2 /home/mmsty/www/www.mamastylist.com/index.php(17): require('...')
#3 {main}
  thrown: /home/mmsty/www/www.mamastylist.com/wp-content/themes/mamstylist/single-product.php の行256

2023-10-06T00:45:53+00:00 CRITICAL Uncaught Error: Call to a member function get_price() on bool in /home/mmsty/www/www.mamastylist.com/wp-content/themes/mamstylist/single-product.php:256
Stack trace:
#0 /home/mmsty/www/www.mamastylist.com/wp-includes/template-loader.php(106): include()
#1 /home/mmsty/www/www.mamastylist.com/wp-blog-header.php(19): require_once('...')
#2 /home/mmsty/www/www.mamastylist.com/index.php(17): require('...')
#3 {main}
  thrown: /home/mmsty/www/www.mamastylist.com/wp-content/themes/mamstylist/single-product.php の行256

2023-10-06T01:07:16+00:00 CRITICAL Uncaught Error: Call to a member function get_price() on bool in /home/mmsty/www/www.mamastylist.com/wp-content/themes/mamstylist/front-page.php:484
Stack trace:
#0 /home/mmsty/www/www.mamastylist.com/wp-includes/template-loader.php(106): include()
#1 /home/mmsty/www/www.mamastylist.com/wp-blog-header.php(19): require_once('...')
#2 /home/mmsty/www/www.mamastylist.com/index.php(17): require('...')
#3 {main}
  thrown: /home/mmsty/www/www.mamastylist.com/wp-content/themes/mamstylist/front-page.php の行484

2023-10-06T01:10:06+00:00 CRITICAL Uncaught Error: Call to a member function get_price() on bool in /home/mmsty/www/www.mamastylist.com/wp-content/themes/mamstylist/front-page.php:484
Stack trace:
#0 /home/mmsty/www/www.mamastylist.com/wp-includes/template-loader.php(106): include()
#1 /home/mmsty/www/www.mamastylist.com/wp-blog-header.php(19): require_once('...')
#2 /home/mmsty/www/www.mamastylist.com/index.php(17): require('...')
#3 {main}
  thrown: /home/mmsty/www/www.mamastylist.com/wp-content/themes/mamstylist/front-page.php の行484

2023-10-06T01:10:14+00:00 CRITICAL Uncaught Error: Call to a member function get_price() on bool in /home/mmsty/www/www.mamastylist.com/wp-content/themes/mamstylist/front-page.php:484
Stack trace:
#0 /home/mmsty/www/www.mamastylist.com/wp-includes/template-loader.php(106): include()
#1 /home/mmsty/www/www.mamastylist.com/wp-blog-header.php(19): require_once('...')
#2 /home/mmsty/www/www.mamastylist.com/index.php(17): require('...')
#3 {main}
  thrown: /home/mmsty/www/www.mamastylist.com/wp-content/themes/mamstylist/front-page.php の行484

2023-10-06T01:10:21+00:00 CRITICAL Uncaught Error: Call to a member function get_price() on bool in /home/mmsty/www/www.mamastylist.com/wp-content/themes/mamstylist/front-page.php:484
Stack trace:
#0 /home/mmsty/www/www.mamastylist.com/wp-includes/template-loader.php(106): include()
#1 /home/mmsty/www/www.mamastylist.com/wp-blog-header.php(19): require_once('...')
#2 /home/mmsty/www/www.mamastylist.com/index.php(17): require('...')
#3 {main}
  thrown: /home/mmsty/www/www.mamastylist.com/wp-content/themes/mamstylist/front-page.php の行484

2023-10-06T01:14:57+00:00 CRITICAL Uncaught Error: Call to a member function get_price() on bool in /home/mmsty/www/www.mamastylist.com/wp-content/themes/mamstylist/front-page.php:484
Stack trace:
#0 /home/mmsty/www/www.mamastylist.com/wp-includes/template-loader.php(106): include()
#1 /home/mmsty/www/www.mamastylist.com/wp-blog-header.php(19): require_once('...')
#2 /home/mmsty/www/www.mamastylist.com/index.php(17): require('...')
#3 {main}
  thrown: /home/mmsty/www/www.mamastylist.com/wp-content/themes/mamstylist/front-page.php の行484

2023-10-06T01:25:14+00:00 CRITICAL Uncaught Error: Call to a member function get_price() on bool in /home/mmsty/www/www.mamastylist.com/wp-content/themes/mamstylist/front-page.php:484
Stack trace:
#0 /home/mmsty/www/www.mamastylist.com/wp-includes/template-loader.php(106): include()
#1 /home/mmsty/www/www.mamastylist.com/wp-blog-header.php(19): require_once('...')
#2 /home/mmsty/www/www.mamastylist.com/index.php(17): require('...')
#3 {main}
  thrown: /home/mmsty/www/www.mamastylist.com/wp-content/themes/mamstylist/front-page.php の行484

2023-10-06T01:25:18+00:00 CRITICAL Uncaught Error: Call to a member function get_price() on bool in /home/mmsty/www/www.mamastylist.com/wp-content/themes/mamstylist/product-list.php:301
Stack trace:
#0 /home/mmsty/www/www.mamastylist.com/wp-includes/template-loader.php(106): include()
#1 /home/mmsty/www/www.mamastylist.com/wp-blog-header.php(19): require_once('...')
#2 /home/mmsty/www/www.mamastylist.com/index.php(17): require('...')
#3 {main}
  thrown: /home/mmsty/www/www.mamastylist.com/wp-content/themes/mamstylist/product-list.php の行301

2023-10-06T01:25:20+00:00 CRITICAL Uncaught Error: Call to a member function get_price() on bool in /home/mmsty/www/www.mamastylist.com/wp-content/themes/mamstylist/single-product.php:84
Stack trace:
#0 /home/mmsty/www/www.mamastylist.com/wp-includes/template-loader.php(106): include()
#1 /home/mmsty/www/www.mamastylist.com/wp-blog-header.php(19): require_once('...')
#2 /home/mmsty/www/www.mamastylist.com/index.php(17): require('...')
#3 {main}
  thrown: /home/mmsty/www/www.mamastylist.com/wp-content/themes/mamstylist/single-product.php の行84

2023-10-06T01:25:50+00:00 CRITICAL Uncaught Error: Call to a member function get_price() on bool in /home/mmsty/www/www.mamastylist.com/wp-content/themes/mamstylist/single-product.php:84
Stack trace:
#0 /home/mmsty/www/www.mamastylist.com/wp-includes/template-loader.php(106): include()
#1 /home/mmsty/www/www.mamastylist.com/wp-blog-header.php(19): require_once('...')
#2 /home/mmsty/www/www.mamastylist.com/index.php(17): require('...')
#3 {main}
  thrown: /home/mmsty/www/www.mamastylist.com/wp-content/themes/mamstylist/single-product.php の行84

2023-10-06T01:26:47+00:00 CRITICAL Uncaught Error: Call to a member function get_price() on bool in /home/mmsty/www/www.mamastylist.com/wp-content/themes/mamstylist/single-product.php:256
Stack trace:
#0 /home/mmsty/www/www.mamastylist.com/wp-includes/template-loader.php(106): include()
#1 /home/mmsty/www/www.mamastylist.com/wp-blog-header.php(19): require_once('...')
#2 /home/mmsty/www/www.mamastylist.com/index.php(17): require('...')
#3 {main}
  thrown: /home/mmsty/www/www.mamastylist.com/wp-content/themes/mamstylist/single-product.php の行256

2023-10-06T01:33:23+00:00 CRITICAL Uncaught Error: Call to a member function get_price() on bool in /home/mmsty/www/www.mamastylist.com/wp-content/themes/mamstylist/front-page.php:484
Stack trace:
#0 /home/mmsty/www/www.mamastylist.com/wp-includes/template-loader.php(106): include()
#1 /home/mmsty/www/www.mamastylist.com/wp-blog-header.php(19): require_once('...')
#2 /home/mmsty/www/www.mamastylist.com/index.php(17): require('...')
#3 {main}
  thrown: /home/mmsty/www/www.mamastylist.com/wp-content/themes/mamstylist/front-page.php の行484

2023-10-06T01:33:33+00:00 CRITICAL Uncaught Error: Call to a member function get_price() on bool in /home/mmsty/www/www.mamastylist.com/wp-content/themes/mamstylist/front-page.php:484
Stack trace:
#0 /home/mmsty/www/www.mamastylist.com/wp-includes/template-loader.php(106): include()
#1 /home/mmsty/www/www.mamastylist.com/wp-blog-header.php(19): require_once('...')
#2 /home/mmsty/www/www.mamastylist.com/index.php(17): require('...')
#3 {main}
  thrown: /home/mmsty/www/www.mamastylist.com/wp-content/themes/mamstylist/front-page.php の行484

2023-10-06T01:33:39+00:00 CRITICAL Uncaught Error: Call to a member function get_price() on bool in /home/mmsty/www/www.mamastylist.com/wp-content/themes/mamstylist/front-page.php:484
Stack trace:
#0 /home/mmsty/www/www.mamastylist.com/wp-includes/template-loader.php(106): include()
#1 /home/mmsty/www/www.mamastylist.com/wp-blog-header.php(19): require_once('...')
#2 /home/mmsty/www/www.mamastylist.com/index.php(17): require('...')
#3 {main}
  thrown: /home/mmsty/www/www.mamastylist.com/wp-content/themes/mamstylist/front-page.php の行484

2023-10-06T01:33:47+00:00 CRITICAL Uncaught Error: Call to a member function get_price() on bool in /home/mmsty/www/www.mamastylist.com/wp-content/themes/mamstylist/front-page.php:484
Stack trace:
#0 /home/mmsty/www/www.mamastylist.com/wp-includes/template-loader.php(106): include()
#1 /home/mmsty/www/www.mamastylist.com/wp-blog-header.php(19): require_once('...')
#2 /home/mmsty/www/www.mamastylist.com/index.php(17): require('...')
#3 {main}
  thrown: /home/mmsty/www/www.mamastylist.com/wp-content/themes/mamstylist/front-page.php の行484

2023-10-06T01:33:55+00:00 CRITICAL Uncaught Error: Call to a member function get_price() on bool in /home/mmsty/www/www.mamastylist.com/wp-content/themes/mamstylist/front-page.php:484
Stack trace:
#0 /home/mmsty/www/www.mamastylist.com/wp-includes/template-loader.php(106): include()
#1 /home/mmsty/www/www.mamastylist.com/wp-blog-header.php(19): require_once('...')
#2 /home/mmsty/www/www.mamastylist.com/index.php(17): require('...')
#3 {main}
  thrown: /home/mmsty/www/www.mamastylist.com/wp-content/themes/mamstylist/front-page.php の行484

2023-10-06T01:34:22+00:00 CRITICAL Uncaught Error: Call to a member function get_price() on bool in /home/mmsty/www/www.mamastylist.com/wp-content/themes/mamstylist/single-product.php:256
Stack trace:
#0 /home/mmsty/www/www.mamastylist.com/wp-includes/template-loader.php(106): include()
#1 /home/mmsty/www/www.mamastylist.com/wp-blog-header.php(19): require_once('...')
#2 /home/mmsty/www/www.mamastylist.com/index.php(17): require('...')
#3 {main}
  thrown: /home/mmsty/www/www.mamastylist.com/wp-content/themes/mamstylist/single-product.php の行256

2023-10-06T02:14:26+00:00 CRITICAL Uncaught Error: Call to a member function get_price() on bool in /home/mmsty/www/www.mamastylist.com/wp-content/themes/mamstylist/product-list.php:301
Stack trace:
#0 /home/mmsty/www/www.mamastylist.com/wp-includes/template-loader.php(106): include()
#1 /home/mmsty/www/www.mamastylist.com/wp-blog-header.php(19): require_once('...')
#2 /home/mmsty/www/www.mamastylist.com/index.php(17): require('...')
#3 {main}
  thrown: /home/mmsty/www/www.mamastylist.com/wp-content/themes/mamstylist/product-list.php の行301

2023-10-06T02:14:36+00:00 CRITICAL Uncaught Error: Call to a member function get_price() on bool in /home/mmsty/www/www.mamastylist.com/wp-content/themes/mamstylist/single-product.php:84
Stack trace:
#0 /home/mmsty/www/www.mamastylist.com/wp-includes/template-loader.php(106): include()
#1 /home/mmsty/www/www.mamastylist.com/wp-blog-header.php(19): require_once('...')
#2 /home/mmsty/www/www.mamastylist.com/index.php(17): require('...')
#3 {main}
  thrown: /home/mmsty/www/www.mamastylist.com/wp-content/themes/mamstylist/single-product.php の行84

2023-10-06T02:15:25+00:00 CRITICAL Uncaught Error: Call to a member function get_price() on bool in /home/mmsty/www/www.mamastylist.com/wp-content/themes/mamstylist/single-product.php:256
Stack trace:
#0 /home/mmsty/www/www.mamastylist.com/wp-includes/template-loader.php(106): include()
#1 /home/mmsty/www/www.mamastylist.com/wp-blog-header.php(19): require_once('...')
#2 /home/mmsty/www/www.mamastylist.com/index.php(17): require('...')
#3 {main}
  thrown: /home/mmsty/www/www.mamastylist.com/wp-content/themes/mamstylist/single-product.php の行256

2023-10-06T02:16:07+00:00 CRITICAL Uncaught Error: Call to a member function get_price() on bool in /home/mmsty/www/www.mamastylist.com/wp-content/themes/mamstylist/product-list.php:301
Stack trace:
#0 /home/mmsty/www/www.mamastylist.com/wp-includes/template-loader.php(106): include()
#1 /home/mmsty/www/www.mamastylist.com/wp-blog-header.php(19): require_once('...')
#2 /home/mmsty/www/www.mamastylist.com/index.php(17): require('...')
#3 {main}
  thrown: /home/mmsty/www/www.mamastylist.com/wp-content/themes/mamstylist/product-list.php の行301

